2023-07-10 20:34:51,704 INFO    StreamThr :36772 [internal.py:wandb_internal():86] W&B internal server running at pid: 36772, started at: 2023-07-10 20:34:51.703883
2023-07-10 20:34:51,705 DEBUG   HandlerThread:36772 [handler.py:handle_request():144] handle_request: status
2023-07-10 20:34:51,706 INFO    WriterThread:36772 [datastore.py:open_for_write():85] open: /home/zhuhe/HPE-with-Diffusion/wandb/run-20230710_203451-oicdg0sb/run-oicdg0sb.wandb
2023-07-10 20:34:51,706 DEBUG   SenderThread:36772 [sender.py:send():369] send: header
2023-07-10 20:34:51,706 DEBUG   SenderThread:36772 [sender.py:send():369] send: run
2023-07-10 20:34:52,541 INFO    SenderThread:36772 [dir_watcher.py:__init__():211] watching files in: /home/zhuhe/HPE-with-Diffusion/wandb/run-20230710_203451-oicdg0sb/files
2023-07-10 20:34:52,541 INFO    SenderThread:36772 [sender.py:_start_run_threads():1100] run started: oicdg0sb with start time 1688992491.703546
2023-07-10 20:34:52,541 DEBUG   SenderThread:36772 [sender.py:send_request():396] send_request: summary_record
2023-07-10 20:34:52,541 INFO    SenderThread:36772 [sender.py:_save_file():1354] saving file wandb-summary.json with policy end
2023-07-10 20:34:52,543 DEBUG   HandlerThread:36772 [handler.py:handle_request():144] handle_request: check_version
2023-07-10 20:34:52,543 DEBUG   SenderThread:36772 [sender.py:send_request():396] send_request: check_version
2023-07-10 20:34:52,742 DEBUG   HandlerThread:36772 [handler.py:handle_request():144] handle_request: run_start
2023-07-10 20:34:52,750 DEBUG   HandlerThread:36772 [system_info.py:__init__():31] System info init
2023-07-10 20:34:52,751 DEBUG   HandlerThread:36772 [system_info.py:__init__():46] System info init done
2023-07-10 20:34:52,751 INFO    HandlerThread:36772 [system_monitor.py:start():181] Starting system monitor
2023-07-10 20:34:52,751 INFO    SystemMonitor:36772 [system_monitor.py:_start():145] Starting system asset monitoring threads
2023-07-10 20:34:52,751 INFO    HandlerThread:36772 [system_monitor.py:probe():201] Collecting system info
2023-07-10 20:34:52,752 INFO    SystemMonitor:36772 [interfaces.py:start():190] Started cpu monitoring
2023-07-10 20:34:52,753 INFO    SystemMonitor:36772 [interfaces.py:start():190] Started disk monitoring
2023-07-10 20:34:52,754 INFO    SystemMonitor:36772 [interfaces.py:start():190] Started gpu monitoring
2023-07-10 20:34:52,755 INFO    SystemMonitor:36772 [interfaces.py:start():190] Started memory monitoring
2023-07-10 20:34:52,755 INFO    SystemMonitor:36772 [interfaces.py:start():190] Started network monitoring
2023-07-10 20:34:52,771 DEBUG   HandlerThread:36772 [system_info.py:probe():195] Probing system
2023-07-10 20:34:52,779 DEBUG   HandlerThread:36772 [gitlib.py:_init_repo():53] git repository is invalid
2023-07-10 20:34:52,779 DEBUG   HandlerThread:36772 [system_info.py:probe():240] Probing system done
2023-07-10 20:34:52,779 DEBUG   HandlerThread:36772 [system_monitor.py:probe():210] {'os': 'Linux-5.19.0-46-generic-x86_64-with-glibc2.35', 'python': '3.9.16', 'heartbeatAt': '2023-07-10T12:34:52.772052', 'startedAt': '2023-07-10T12:34:51.697315', 'docker': None, 'cuda': None, 'args': ('--phase', 'train', '--gpu_ids', '1'), 'state': 'running', 'program': '/home/zhuhe/HPE-with-Diffusion/main.py', 'codePath': 'main.py', 'host': '415-2', 'username': 'zhuhe', 'executable': '/home/zhuhe/.conda/envs/diffhpe/bin/python', 'cpu_count': 16, 'cpu_count_logical': 24, 'cpu_freq': {'current': 2184.1175000000003, 'min': 800.0, 'max': 4783.333333333333}, 'cpu_freq_per_core': [{'current': 1641.548, 'min': 800.0, 'max': 5100.0}, {'current': 2100.0, 'min': 800.0, 'max': 5100.0}, {'current': 2100.0, 'min': 800.0, 'max': 5100.0}, {'current': 1649.67, 'min': 800.0, 'max': 5100.0}, {'current': 2100.0, 'min': 800.0, 'max': 5100.0}, {'current': 2100.0, 'min': 800.0, 'max': 5100.0}, {'current': 1365.963, 'min': 800.0, 'max': 5100.0}, {'current': 2100.0, 'min': 800.0, 'max': 5100.0}, {'current': 1628.402, 'min': 800.0, 'max': 5200.0}, {'current': 2100.0, 'min': 800.0, 'max': 5200.0}, {'current': 1710.202, 'min': 800.0, 'max': 5200.0}, {'current': 2100.0, 'min': 800.0, 'max': 5200.0}, {'current': 1552.507, 'min': 800.0, 'max': 5100.0}, {'current': 2100.0, 'min': 800.0, 'max': 5100.0}, {'current': 2100.0, 'min': 800.0, 'max': 5100.0}, {'current': 1654.972, 'min': 800.0, 'max': 5100.0}, {'current': 2100.0, 'min': 800.0, 'max': 4100.0}, {'current': 3269.851, 'min': 800.0, 'max': 4100.0}, {'current': 2100.0, 'min': 800.0, 'max': 4100.0}, {'current': 2100.0, 'min': 800.0, 'max': 4100.0}, {'current': 2100.0, 'min': 800.0, 'max': 4100.0}, {'current': 1703.174, 'min': 800.0, 'max': 4100.0}, {'current': 2100.0, 'min': 800.0, 'max': 4100.0}, {'current': 3700.152, 'min': 800.0, 'max': 4100.0}], 'disk': {'total': 93.31179428100586, 'used': 0.018436431884765625}, 'gpu': 'NVIDIA GeForce RTX 3090', 'gpu_count': 2, 'gpu_devices': [{'name': 'NVIDIA GeForce RTX 3090', 'memory_total': 25769803776}, {'name': 'NVIDIA GeForce RTX 3090', 'memory_total': 25769803776}], 'memory': {'total': 31.185558319091797}}
2023-07-10 20:34:52,780 INFO    HandlerThread:36772 [system_monitor.py:probe():211] Finished collecting system info
2023-07-10 20:34:52,780 INFO    HandlerThread:36772 [system_monitor.py:probe():214] Publishing system info
2023-07-10 20:34:52,780 DEBUG   HandlerThread:36772 [system_info.py:_save_pip():51] Saving list of pip packages installed into the current environment
2023-07-10 20:34:52,780 DEBUG   HandlerThread:36772 [system_info.py:_save_pip():67] Saving pip packages done
2023-07-10 20:34:52,780 DEBUG   HandlerThread:36772 [system_info.py:_save_conda():74] Saving list of conda packages installed into the current environment
2023-07-10 20:34:53,541 INFO    Thread-12 :36772 [dir_watcher.py:_on_file_created():272] file/dir created: /home/zhuhe/HPE-with-Diffusion/wandb/run-20230710_203451-oicdg0sb/files/requirements.txt
2023-07-10 20:34:53,542 INFO    Thread-12 :36772 [dir_watcher.py:_on_file_created():272] file/dir created: /home/zhuhe/HPE-with-Diffusion/wandb/run-20230710_203451-oicdg0sb/files/conda-environment.yaml
2023-07-10 20:34:53,542 INFO    Thread-12 :36772 [dir_watcher.py:_on_file_created():272] file/dir created: /home/zhuhe/HPE-with-Diffusion/wandb/run-20230710_203451-oicdg0sb/files/wandb-summary.json
2023-07-10 20:34:53,648 DEBUG   HandlerThread:36772 [system_info.py:_save_conda():86] Saving conda packages done
2023-07-10 20:34:53,649 INFO    HandlerThread:36772 [system_monitor.py:probe():216] Finished publishing system info
2023-07-10 20:34:53,650 DEBUG   SenderThread:36772 [sender.py:send():369] send: files
2023-07-10 20:34:53,650 INFO    SenderThread:36772 [sender.py:_save_file():1354] saving file wandb-metadata.json with policy now
2023-07-10 20:34:53,653 DEBUG   HandlerThread:36772 [handler.py:handle_request():144] handle_request: stop_status
2023-07-10 20:34:53,653 DEBUG   SenderThread:36772 [sender.py:send_request():396] send_request: stop_status
2023-07-10 20:34:54,095 ERROR   wandb-upload_0:36772 [internal_api.py:upload_file():2192] upload_file exception https://storage.googleapis.com/wandb-production.appspot.com/ada4321/DiffHPE/oicdg0sb/wandb-metadata.json?Expires=1689078893&GoogleAccessId=gorilla-files-url-signer-man%40wandb-production.iam.gserviceaccount.com&Signature=eArE4CwxInt6oGQNMFf3M2norc5zVWq5CV6x7bHYV57TtgdspWljlXgmLPVY%2Befukr9M8xtdzfM8MuEiZ8e2jq8G27vDEqDkUzY00oLEL9scjGH0fmtfop8RcDXYCZq2fvbDy0ofm6%2BELjhK5RNQnw8V0hL2ZbhZP7u0y%2BApITkYPrO53qSJprtR%2FzGjS%2F47EthU1cBb1wvhW6sZZZn3TO7iX5qo%2BCW%2B80utXREa7s26q8QsbuzDzb8sdNPFrglLSTTGjwIhrwIE4M6xoYDLIVA0GhvBKWnS%2B1meEiHROqHDYA3JfgNCaDgSfCQv%2FkBC9neBV7araniLeRkudKfqaA%3D%3D: 404 Client Error: Not Found for url: https://storage.googleapis.com/wandb-production.appspot.com/ada4321/DiffHPE/oicdg0sb/wandb-metadata.json?Expires=1689078893&GoogleAccessId=gorilla-files-url-signer-man%40wandb-production.iam.gserviceaccount.com&Signature=eArE4CwxInt6oGQNMFf3M2norc5zVWq5CV6x7bHYV57TtgdspWljlXgmLPVY%2Befukr9M8xtdzfM8MuEiZ8e2jq8G27vDEqDkUzY00oLEL9scjGH0fmtfop8RcDXYCZq2fvbDy0ofm6%2BELjhK5RNQnw8V0hL2ZbhZP7u0y%2BApITkYPrO53qSJprtR%2FzGjS%2F47EthU1cBb1wvhW6sZZZn3TO7iX5qo%2BCW%2B80utXREa7s26q8QsbuzDzb8sdNPFrglLSTTGjwIhrwIE4M6xoYDLIVA0GhvBKWnS%2B1meEiHROqHDYA3JfgNCaDgSfCQv%2FkBC9neBV7araniLeRkudKfqaA%3D%3D
2023-07-10 20:34:54,095 ERROR   wandb-upload_0:36772 [internal_api.py:upload_file():2194] upload_file request headers: {'User-Agent': 'python-requests/2.31.0', 'Accept-Encoding': 'gzip, deflate', 'Accept': '*/*', 'Connection': 'keep-alive', 'Content-Length': '3699'}
2023-07-10 20:34:54,095 ERROR   wandb-upload_0:36772 [internal_api.py:upload_file():2196] upload_file response body: b'<!DOCTYPE html>\n<html lang=en>\n  <meta charset=utf-8>\n  <meta name=viewport content="initial-scale=1, minimum-scale=1, width=device-width">\n  <title>Error 404 (Not Found)!!1</title>\n  <style>\n    *{margin:0;padding:0}html,code{font:15px/22px arial,sans-serif}html{background:#fff;color:#222;padding:15px}body{margin:7% auto 0;max-width:390px;min-height:180px;padding:30px 0 15px}* > body{background:url(//www.google.com/images/errors/robot.png) 100% 5px no-repeat;padding-right:205px}p{margin:11px 0 22px;overflow:hidden}ins{color:#777;text-decoration:none}a img{border:0}@media screen and (max-width:772px){body{background:none;margin-top:0;max-width:none;padding-right:0}}#logo{background:url(//www.google.com/images/branding/googlelogo/1x/googlelogo_color_150x54dp.png) no-repeat;margin-left:-5px}@media only screen and (min-resolution:192dpi){#logo{background:url(//www.google.com/images/branding/googlelogo/2x/googlelogo_color_150x54dp.png) no-repeat 0% 0%/100% 100%;-moz-border-image:url(//www.google.com/images/branding/googlelogo/2x/googlelogo_color_150x54dp.png) 0}}@media only screen and (-webkit-min-device-pixel-ratio:2){#logo{background:url(//www.google.com/images/branding/googlelogo/2x/googlelogo_color_150x54dp.png) no-repeat;-webkit-background-size:100% 100%}}#logo{display:inline-block;height:54px;width:150px}\n  </style>\n  <a href=//www.google.com/><span id=logo aria-label=Google></span></a>\n  <p><b>404.</b> <ins>That\xe2\x80\x99s an error.</ins>\n  <p>The requested URL <code>/wandb-production.appspot.com/ada4321/DiffHPE/oicdg0sb/wandb-metadata.json</code> was not found on this server.  <ins>That\xe2\x80\x99s all we know.</ins>\n'
2023-07-10 20:34:54,195 DEBUG   SenderThread:36772 [sender.py:send():369] send: telemetry
2023-07-10 20:34:54,541 INFO    Thread-12 :36772 [dir_watcher.py:_on_file_modified():289] file/dir modified: /home/zhuhe/HPE-with-Diffusion/wandb/run-20230710_203451-oicdg0sb/files/conda-environment.yaml
2023-07-10 20:34:54,541 INFO    Thread-12 :36772 [dir_watcher.py:_on_file_created():272] file/dir created: /home/zhuhe/HPE-with-Diffusion/wandb/run-20230710_203451-oicdg0sb/files/output.log
2023-07-10 20:34:54,542 INFO    Thread-12 :36772 [dir_watcher.py:_on_file_created():272] file/dir created: /home/zhuhe/HPE-with-Diffusion/wandb/run-20230710_203451-oicdg0sb/files/wandb-metadata.json
2023-07-10 20:34:56,098 ERROR   wandb-upload_0:36772 [upload_job.py:push():136] Failed to upload file: /tmp/tmp2bvedcliwandb/vjmmd749-wandb-metadata.json
Traceback (most recent call last):
  File "/home/zhuhe/.conda/envs/diffhpe/lib/python3.9/site-packages/wandb/apis/normalize.py", line 41, in wrapper
    return func(*args, **kwargs)
  File "/home/zhuhe/.conda/envs/diffhpe/lib/python3.9/site-packages/wandb/sdk/lib/retry.py", line 212, in wrapped_fn
    return retrier(*args, **kargs)
  File "/home/zhuhe/.conda/envs/diffhpe/lib/python3.9/site-packages/wandb/sdk/lib/retry.py", line 131, in __call__
    result = self._call_fn(*args, **kwargs)
  File "/home/zhuhe/.conda/envs/diffhpe/lib/python3.9/site-packages/wandb/sdk/internal/internal_api.py", line 2218, in upload_file
    wandb._sentry.reraise(e)
  File "/home/zhuhe/.conda/envs/diffhpe/lib/python3.9/site-packages/wandb/analytics/sentry.py", line 146, in reraise
    raise exc.with_traceback(sys.exc_info()[2])
  File "/home/zhuhe/.conda/envs/diffhpe/lib/python3.9/site-packages/wandb/sdk/internal/internal_api.py", line 2190, in upload_file
    response.raise_for_status()
  File "/home/zhuhe/.conda/envs/diffhpe/lib/python3.9/site-packages/requests/models.py", line 1021, in raise_for_status
    raise HTTPError(http_error_msg, response=self)
requests.exceptions.HTTPError: 404 Client Error: Not Found for url: https://storage.googleapis.com/wandb-production.appspot.com/ada4321/DiffHPE/oicdg0sb/wandb-metadata.json?Expires=1689078893&GoogleAccessId=gorilla-files-url-signer-man%40wandb-production.iam.gserviceaccount.com&Signature=eArE4CwxInt6oGQNMFf3M2norc5zVWq5CV6x7bHYV57TtgdspWljlXgmLPVY%2Befukr9M8xtdzfM8MuEiZ8e2jq8G27vDEqDkUzY00oLEL9scjGH0fmtfop8RcDXYCZq2fvbDy0ofm6%2BELjhK5RNQnw8V0hL2ZbhZP7u0y%2BApITkYPrO53qSJprtR%2FzGjS%2F47EthU1cBb1wvhW6sZZZn3TO7iX5qo%2BCW%2B80utXREa7s26q8QsbuzDzb8sdNPFrglLSTTGjwIhrwIE4M6xoYDLIVA0GhvBKWnS%2B1meEiHROqHDYA3JfgNCaDgSfCQv%2FkBC9neBV7araniLeRkudKfqaA%3D%3D

During handling of the above exception, another exception occurred:

Traceback (most recent call last):
  File "/home/zhuhe/.conda/envs/diffhpe/lib/python3.9/site-packages/wandb/filesync/upload_job.py", line 127, in push
    self._api.upload_file_retry(
  File "/home/zhuhe/.conda/envs/diffhpe/lib/python3.9/site-packages/wandb/apis/normalize.py", line 51, in wrapper
    raise CommError(message, error)
wandb.errors.CommError: <Response [404]>
2023-07-10 20:34:56,542 INFO    Thread-12 :36772 [dir_watcher.py:_on_file_modified():289] file/dir modified: /home/zhuhe/HPE-with-Diffusion/wandb/run-20230710_203451-oicdg0sb/files/output.log
2023-07-10 20:34:56,791 DEBUG   HandlerThread:36772 [handler.py:handle_request():144] handle_request: status_report
2023-07-10 20:34:58,101 ERROR   Thread-11 :36772 [step_upload.py:_handle_event():200] Failed to upload file: /tmp/tmp2bvedcliwandb/vjmmd749-wandb-metadata.json
Traceback (most recent call last):
  File "/home/zhuhe/.conda/envs/diffhpe/lib/python3.9/site-packages/wandb/apis/normalize.py", line 41, in wrapper
    return func(*args, **kwargs)
  File "/home/zhuhe/.conda/envs/diffhpe/lib/python3.9/site-packages/wandb/sdk/lib/retry.py", line 212, in wrapped_fn
    return retrier(*args, **kargs)
  File "/home/zhuhe/.conda/envs/diffhpe/lib/python3.9/site-packages/wandb/sdk/lib/retry.py", line 131, in __call__
    result = self._call_fn(*args, **kwargs)
  File "/home/zhuhe/.conda/envs/diffhpe/lib/python3.9/site-packages/wandb/sdk/internal/internal_api.py", line 2218, in upload_file
    wandb._sentry.reraise(e)
  File "/home/zhuhe/.conda/envs/diffhpe/lib/python3.9/site-packages/wandb/analytics/sentry.py", line 146, in reraise
    raise exc.with_traceback(sys.exc_info()[2])
  File "/home/zhuhe/.conda/envs/diffhpe/lib/python3.9/site-packages/wandb/sdk/internal/internal_api.py", line 2190, in upload_file
    response.raise_for_status()
  File "/home/zhuhe/.conda/envs/diffhpe/lib/python3.9/site-packages/requests/models.py", line 1021, in raise_for_status
    raise HTTPError(http_error_msg, response=self)
requests.exceptions.HTTPError: 404 Client Error: Not Found for url: https://storage.googleapis.com/wandb-production.appspot.com/ada4321/DiffHPE/oicdg0sb/wandb-metadata.json?Expires=1689078893&GoogleAccessId=gorilla-files-url-signer-man%40wandb-production.iam.gserviceaccount.com&Signature=eArE4CwxInt6oGQNMFf3M2norc5zVWq5CV6x7bHYV57TtgdspWljlXgmLPVY%2Befukr9M8xtdzfM8MuEiZ8e2jq8G27vDEqDkUzY00oLEL9scjGH0fmtfop8RcDXYCZq2fvbDy0ofm6%2BELjhK5RNQnw8V0hL2ZbhZP7u0y%2BApITkYPrO53qSJprtR%2FzGjS%2F47EthU1cBb1wvhW6sZZZn3TO7iX5qo%2BCW%2B80utXREa7s26q8QsbuzDzb8sdNPFrglLSTTGjwIhrwIE4M6xoYDLIVA0GhvBKWnS%2B1meEiHROqHDYA3JfgNCaDgSfCQv%2FkBC9neBV7araniLeRkudKfqaA%3D%3D

During handling of the above exception, another exception occurred:

Traceback (most recent call last):
  File "/home/zhuhe/.conda/envs/diffhpe/lib/python3.9/concurrent/futures/thread.py", line 58, in run
    result = self.fn(*self.args, **self.kwargs)
  File "/home/zhuhe/.conda/envs/diffhpe/lib/python3.9/site-packages/wandb/filesync/step_upload.py", line 288, in run_and_notify
    self._do_upload_sync(event)
  File "/home/zhuhe/.conda/envs/diffhpe/lib/python3.9/site-packages/wandb/filesync/step_upload.py", line 330, in _do_upload_sync
    job.run()
  File "/home/zhuhe/.conda/envs/diffhpe/lib/python3.9/site-packages/wandb/filesync/upload_job.py", line 57, in run
    self.push()
  File "/home/zhuhe/.conda/envs/diffhpe/lib/python3.9/site-packages/wandb/filesync/upload_job.py", line 127, in push
    self._api.upload_file_retry(
  File "/home/zhuhe/.conda/envs/diffhpe/lib/python3.9/site-packages/wandb/apis/normalize.py", line 51, in wrapper
    raise CommError(message, error)
wandb.errors.CommError: <Response [404]>
2023-07-10 20:34:58,542 INFO    Thread-12 :36772 [dir_watcher.py:_on_file_modified():289] file/dir modified: /home/zhuhe/HPE-with-Diffusion/wandb/run-20230710_203451-oicdg0sb/files/output.log
2023-07-10 20:35:01,736 DEBUG   SenderThread:36772 [sender.py:send():369] send: telemetry
2023-07-10 20:35:01,796 DEBUG   HandlerThread:36772 [handler.py:handle_request():144] handle_request: status_report
2023-07-10 20:35:02,543 INFO    Thread-12 :36772 [dir_watcher.py:_on_file_modified():289] file/dir modified: /home/zhuhe/HPE-with-Diffusion/wandb/run-20230710_203451-oicdg0sb/files/output.log
2023-07-10 20:35:04,544 INFO    Thread-12 :36772 [dir_watcher.py:_on_file_modified():289] file/dir modified: /home/zhuhe/HPE-with-Diffusion/wandb/run-20230710_203451-oicdg0sb/files/output.log
2023-07-10 20:35:07,740 DEBUG   HandlerThread:36772 [handler.py:handle_request():144] handle_request: status_report
2023-07-10 20:35:07,824 DEBUG   HandlerThread:36772 [handler.py:handle_request():144] handle_request: partial_history
2023-07-10 20:35:08,545 INFO    Thread-12 :36772 [dir_watcher.py:_on_file_modified():289] file/dir modified: /home/zhuhe/HPE-with-Diffusion/wandb/run-20230710_203451-oicdg0sb/files/output.log
2023-07-10 20:35:08,653 DEBUG   HandlerThread:36772 [handler.py:handle_request():144] handle_request: stop_status
2023-07-10 20:35:08,654 DEBUG   SenderThread:36772 [sender.py:send_request():396] send_request: stop_status
2023-07-10 20:35:10,546 INFO    Thread-12 :36772 [dir_watcher.py:_on_file_modified():289] file/dir modified: /home/zhuhe/HPE-with-Diffusion/wandb/run-20230710_203451-oicdg0sb/files/output.log
2023-07-10 20:35:12,546 INFO    Thread-12 :36772 [dir_watcher.py:_on_file_modified():289] file/dir modified: /home/zhuhe/HPE-with-Diffusion/wandb/run-20230710_203451-oicdg0sb/files/output.log
2023-07-10 20:35:12,785 DEBUG   HandlerThread:36772 [handler.py:handle_request():144] handle_request: status_report
2023-07-10 20:35:14,547 INFO    Thread-12 :36772 [dir_watcher.py:_on_file_modified():289] file/dir modified: /home/zhuhe/HPE-with-Diffusion/wandb/run-20230710_203451-oicdg0sb/files/output.log
2023-07-10 20:35:16,547 INFO    Thread-12 :36772 [dir_watcher.py:_on_file_modified():289] file/dir modified: /home/zhuhe/HPE-with-Diffusion/wandb/run-20230710_203451-oicdg0sb/files/output.log
2023-07-10 20:35:17,817 DEBUG   HandlerThread:36772 [handler.py:handle_request():144] handle_request: status_report
2023-07-10 20:35:18,548 INFO    Thread-12 :36772 [dir_watcher.py:_on_file_modified():289] file/dir modified: /home/zhuhe/HPE-with-Diffusion/wandb/run-20230710_203451-oicdg0sb/files/output.log
2023-07-10 20:35:20,548 INFO    Thread-12 :36772 [dir_watcher.py:_on_file_modified():289] file/dir modified: /home/zhuhe/HPE-with-Diffusion/wandb/run-20230710_203451-oicdg0sb/files/output.log
2023-07-10 20:35:22,548 INFO    Thread-12 :36772 [dir_watcher.py:_on_file_modified():289] file/dir modified: /home/zhuhe/HPE-with-Diffusion/wandb/run-20230710_203451-oicdg0sb/files/output.log
2023-07-10 20:35:22,858 DEBUG   HandlerThread:36772 [handler.py:handle_request():144] handle_request: status_report
2023-07-10 20:35:23,549 INFO    Thread-12 :36772 [dir_watcher.py:_on_file_modified():289] file/dir modified: /home/zhuhe/HPE-with-Diffusion/wandb/run-20230710_203451-oicdg0sb/files/config.yaml
2023-07-10 20:35:23,653 DEBUG   HandlerThread:36772 [handler.py:handle_request():144] handle_request: stop_status
2023-07-10 20:35:23,654 DEBUG   SenderThread:36772 [sender.py:send_request():396] send_request: stop_status
2023-07-10 20:35:24,549 INFO    Thread-12 :36772 [dir_watcher.py:_on_file_modified():289] file/dir modified: /home/zhuhe/HPE-with-Diffusion/wandb/run-20230710_203451-oicdg0sb/files/output.log
2023-07-10 20:35:26,549 INFO    Thread-12 :36772 [dir_watcher.py:_on_file_modified():289] file/dir modified: /home/zhuhe/HPE-with-Diffusion/wandb/run-20230710_203451-oicdg0sb/files/output.log
2023-07-10 20:35:28,280 DEBUG   HandlerThread:36772 [handler.py:handle_request():144] handle_request: status_report
2023-07-10 20:35:28,550 INFO    Thread-12 :36772 [dir_watcher.py:_on_file_modified():289] file/dir modified: /home/zhuhe/HPE-with-Diffusion/wandb/run-20230710_203451-oicdg0sb/files/output.log
2023-07-10 20:35:30,550 INFO    Thread-12 :36772 [dir_watcher.py:_on_file_modified():289] file/dir modified: /home/zhuhe/HPE-with-Diffusion/wandb/run-20230710_203451-oicdg0sb/files/output.log
2023-07-10 20:35:32,551 INFO    Thread-12 :36772 [dir_watcher.py:_on_file_modified():289] file/dir modified: /home/zhuhe/HPE-with-Diffusion/wandb/run-20230710_203451-oicdg0sb/files/output.log
2023-07-10 20:35:33,303 DEBUG   HandlerThread:36772 [handler.py:handle_request():144] handle_request: status_report
2023-07-10 20:35:34,551 INFO    Thread-12 :36772 [dir_watcher.py:_on_file_modified():289] file/dir modified: /home/zhuhe/HPE-with-Diffusion/wandb/run-20230710_203451-oicdg0sb/files/output.log
2023-07-10 20:35:36,552 INFO    Thread-12 :36772 [dir_watcher.py:_on_file_modified():289] file/dir modified: /home/zhuhe/HPE-with-Diffusion/wandb/run-20230710_203451-oicdg0sb/files/output.log
2023-07-10 20:35:38,331 DEBUG   HandlerThread:36772 [handler.py:handle_request():144] handle_request: status_report
2023-07-10 20:35:38,552 INFO    Thread-12 :36772 [dir_watcher.py:_on_file_modified():289] file/dir modified: /home/zhuhe/HPE-with-Diffusion/wandb/run-20230710_203451-oicdg0sb/files/output.log
2023-07-10 20:35:38,654 DEBUG   HandlerThread:36772 [handler.py:handle_request():144] handle_request: stop_status
2023-07-10 20:35:38,654 DEBUG   SenderThread:36772 [sender.py:send_request():396] send_request: stop_status
2023-07-10 20:35:40,553 INFO    Thread-12 :36772 [dir_watcher.py:_on_file_modified():289] file/dir modified: /home/zhuhe/HPE-with-Diffusion/wandb/run-20230710_203451-oicdg0sb/files/output.log
2023-07-10 20:35:42,553 INFO    Thread-12 :36772 [dir_watcher.py:_on_file_modified():289] file/dir modified: /home/zhuhe/HPE-with-Diffusion/wandb/run-20230710_203451-oicdg0sb/files/output.log
2023-07-10 20:35:43,362 DEBUG   HandlerThread:36772 [handler.py:handle_request():144] handle_request: status_report
2023-07-10 20:35:44,554 INFO    Thread-12 :36772 [dir_watcher.py:_on_file_modified():289] file/dir modified: /home/zhuhe/HPE-with-Diffusion/wandb/run-20230710_203451-oicdg0sb/files/output.log
2023-07-10 20:35:46,554 INFO    Thread-12 :36772 [dir_watcher.py:_on_file_modified():289] file/dir modified: /home/zhuhe/HPE-with-Diffusion/wandb/run-20230710_203451-oicdg0sb/files/output.log
2023-07-10 20:35:48,401 DEBUG   HandlerThread:36772 [handler.py:handle_request():144] handle_request: status_report
2023-07-10 20:35:48,555 INFO    Thread-12 :36772 [dir_watcher.py:_on_file_modified():289] file/dir modified: /home/zhuhe/HPE-with-Diffusion/wandb/run-20230710_203451-oicdg0sb/files/output.log
2023-07-10 20:35:50,555 INFO    Thread-12 :36772 [dir_watcher.py:_on_file_modified():289] file/dir modified: /home/zhuhe/HPE-with-Diffusion/wandb/run-20230710_203451-oicdg0sb/files/output.log
2023-07-10 20:35:52,556 INFO    Thread-12 :36772 [dir_watcher.py:_on_file_modified():289] file/dir modified: /home/zhuhe/HPE-with-Diffusion/wandb/run-20230710_203451-oicdg0sb/files/output.log
2023-07-10 20:35:52,755 DEBUG   SystemMonitor:36772 [system_monitor.py:_start():159] Starting system metrics aggregation loop
2023-07-10 20:35:52,756 DEBUG   SenderThread:36772 [sender.py:send():369] send: stats
2023-07-10 20:35:53,442 DEBUG   HandlerThread:36772 [handler.py:handle_request():144] handle_request: status_report
2023-07-10 20:35:53,654 DEBUG   HandlerThread:36772 [handler.py:handle_request():144] handle_request: stop_status
2023-07-10 20:35:53,654 DEBUG   SenderThread:36772 [sender.py:send_request():396] send_request: stop_status
2023-07-10 20:35:54,556 INFO    Thread-12 :36772 [dir_watcher.py:_on_file_modified():289] file/dir modified: /home/zhuhe/HPE-with-Diffusion/wandb/run-20230710_203451-oicdg0sb/files/output.log
2023-07-10 20:35:56,556 INFO    Thread-12 :36772 [dir_watcher.py:_on_file_modified():289] file/dir modified: /home/zhuhe/HPE-with-Diffusion/wandb/run-20230710_203451-oicdg0sb/files/output.log
2023-07-10 20:35:58,486 DEBUG   HandlerThread:36772 [handler.py:handle_request():144] handle_request: status_report
2023-07-10 20:35:58,557 INFO    Thread-12 :36772 [dir_watcher.py:_on_file_modified():289] file/dir modified: /home/zhuhe/HPE-with-Diffusion/wandb/run-20230710_203451-oicdg0sb/files/output.log
2023-07-10 20:36:00,557 INFO    Thread-12 :36772 [dir_watcher.py:_on_file_modified():289] file/dir modified: /home/zhuhe/HPE-with-Diffusion/wandb/run-20230710_203451-oicdg0sb/files/output.log
2023-07-10 20:36:02,558 INFO    Thread-12 :36772 [dir_watcher.py:_on_file_modified():289] file/dir modified: /home/zhuhe/HPE-with-Diffusion/wandb/run-20230710_203451-oicdg0sb/files/output.log
2023-07-10 20:36:03,534 DEBUG   HandlerThread:36772 [handler.py:handle_request():144] handle_request: status_report
2023-07-10 20:36:04,558 INFO    Thread-12 :36772 [dir_watcher.py:_on_file_modified():289] file/dir modified: /home/zhuhe/HPE-with-Diffusion/wandb/run-20230710_203451-oicdg0sb/files/output.log
2023-07-10 20:36:06,559 INFO    Thread-12 :36772 [dir_watcher.py:_on_file_modified():289] file/dir modified: /home/zhuhe/HPE-with-Diffusion/wandb/run-20230710_203451-oicdg0sb/files/output.log
2023-07-10 20:36:08,559 INFO    Thread-12 :36772 [dir_watcher.py:_on_file_modified():289] file/dir modified: /home/zhuhe/HPE-with-Diffusion/wandb/run-20230710_203451-oicdg0sb/files/output.log
2023-07-10 20:36:08,582 DEBUG   HandlerThread:36772 [handler.py:handle_request():144] handle_request: status_report
2023-07-10 20:36:08,654 DEBUG   HandlerThread:36772 [handler.py:handle_request():144] handle_request: stop_status
2023-07-10 20:36:08,654 DEBUG   SenderThread:36772 [sender.py:send_request():396] send_request: stop_status
2023-07-10 20:36:10,560 INFO    Thread-12 :36772 [dir_watcher.py:_on_file_modified():289] file/dir modified: /home/zhuhe/HPE-with-Diffusion/wandb/run-20230710_203451-oicdg0sb/files/output.log
2023-07-10 20:36:12,560 INFO    Thread-12 :36772 [dir_watcher.py:_on_file_modified():289] file/dir modified: /home/zhuhe/HPE-with-Diffusion/wandb/run-20230710_203451-oicdg0sb/files/output.log
2023-07-10 20:36:13,635 DEBUG   HandlerThread:36772 [handler.py:handle_request():144] handle_request: status_report
2023-07-10 20:36:14,560 INFO    Thread-12 :36772 [dir_watcher.py:_on_file_modified():289] file/dir modified: /home/zhuhe/HPE-with-Diffusion/wandb/run-20230710_203451-oicdg0sb/files/output.log
2023-07-10 20:36:16,561 INFO    Thread-12 :36772 [dir_watcher.py:_on_file_modified():289] file/dir modified: /home/zhuhe/HPE-with-Diffusion/wandb/run-20230710_203451-oicdg0sb/files/output.log
2023-07-10 20:36:18,561 INFO    Thread-12 :36772 [dir_watcher.py:_on_file_modified():289] file/dir modified: /home/zhuhe/HPE-with-Diffusion/wandb/run-20230710_203451-oicdg0sb/files/output.log
2023-07-10 20:36:18,692 DEBUG   HandlerThread:36772 [handler.py:handle_request():144] handle_request: status_report
2023-07-10 20:36:20,562 INFO    Thread-12 :36772 [dir_watcher.py:_on_file_modified():289] file/dir modified: /home/zhuhe/HPE-with-Diffusion/wandb/run-20230710_203451-oicdg0sb/files/output.log
2023-07-10 20:36:22,562 INFO    Thread-12 :36772 [dir_watcher.py:_on_file_modified():289] file/dir modified: /home/zhuhe/HPE-with-Diffusion/wandb/run-20230710_203451-oicdg0sb/files/output.log
2023-07-10 20:36:22,756 DEBUG   SenderThread:36772 [sender.py:send():369] send: stats
2023-07-10 20:36:23,654 DEBUG   HandlerThread:36772 [handler.py:handle_request():144] handle_request: stop_status
2023-07-10 20:36:23,654 DEBUG   SenderThread:36772 [sender.py:send_request():396] send_request: stop_status
2023-07-10 20:36:23,877 DEBUG   HandlerThread:36772 [handler.py:handle_request():144] handle_request: status_report
2023-07-10 20:36:24,563 INFO    Thread-12 :36772 [dir_watcher.py:_on_file_modified():289] file/dir modified: /home/zhuhe/HPE-with-Diffusion/wandb/run-20230710_203451-oicdg0sb/files/output.log
2023-07-10 20:36:26,563 INFO    Thread-12 :36772 [dir_watcher.py:_on_file_modified():289] file/dir modified: /home/zhuhe/HPE-with-Diffusion/wandb/run-20230710_203451-oicdg0sb/files/output.log
2023-07-10 20:36:28,564 INFO    Thread-12 :36772 [dir_watcher.py:_on_file_modified():289] file/dir modified: /home/zhuhe/HPE-with-Diffusion/wandb/run-20230710_203451-oicdg0sb/files/output.log
2023-07-10 20:36:29,010 DEBUG   HandlerThread:36772 [handler.py:handle_request():144] handle_request: status_report
2023-07-10 20:36:30,564 INFO    Thread-12 :36772 [dir_watcher.py:_on_file_modified():289] file/dir modified: /home/zhuhe/HPE-with-Diffusion/wandb/run-20230710_203451-oicdg0sb/files/output.log
2023-07-10 20:36:32,565 INFO    Thread-12 :36772 [dir_watcher.py:_on_file_modified():289] file/dir modified: /home/zhuhe/HPE-with-Diffusion/wandb/run-20230710_203451-oicdg0sb/files/output.log
2023-07-10 20:36:34,071 DEBUG   HandlerThread:36772 [handler.py:handle_request():144] handle_request: status_report
2023-07-10 20:36:34,565 INFO    Thread-12 :36772 [dir_watcher.py:_on_file_modified():289] file/dir modified: /home/zhuhe/HPE-with-Diffusion/wandb/run-20230710_203451-oicdg0sb/files/output.log
2023-07-10 20:36:36,565 INFO    Thread-12 :36772 [dir_watcher.py:_on_file_modified():289] file/dir modified: /home/zhuhe/HPE-with-Diffusion/wandb/run-20230710_203451-oicdg0sb/files/output.log
2023-07-10 20:36:38,566 INFO    Thread-12 :36772 [dir_watcher.py:_on_file_modified():289] file/dir modified: /home/zhuhe/HPE-with-Diffusion/wandb/run-20230710_203451-oicdg0sb/files/output.log
2023-07-10 20:36:38,654 DEBUG   HandlerThread:36772 [handler.py:handle_request():144] handle_request: stop_status
2023-07-10 20:36:38,654 DEBUG   SenderThread:36772 [sender.py:send_request():396] send_request: stop_status
2023-07-10 20:36:39,134 DEBUG   HandlerThread:36772 [handler.py:handle_request():144] handle_request: status_report
2023-07-10 20:36:40,566 INFO    Thread-12 :36772 [dir_watcher.py:_on_file_modified():289] file/dir modified: /home/zhuhe/HPE-with-Diffusion/wandb/run-20230710_203451-oicdg0sb/files/output.log
2023-07-10 20:36:42,567 INFO    Thread-12 :36772 [dir_watcher.py:_on_file_modified():289] file/dir modified: /home/zhuhe/HPE-with-Diffusion/wandb/run-20230710_203451-oicdg0sb/files/output.log
2023-07-10 20:36:44,197 DEBUG   HandlerThread:36772 [handler.py:handle_request():144] handle_request: status_report
2023-07-10 20:36:44,567 INFO    Thread-12 :36772 [dir_watcher.py:_on_file_modified():289] file/dir modified: /home/zhuhe/HPE-with-Diffusion/wandb/run-20230710_203451-oicdg0sb/files/output.log
2023-07-10 20:36:46,568 INFO    Thread-12 :36772 [dir_watcher.py:_on_file_modified():289] file/dir modified: /home/zhuhe/HPE-with-Diffusion/wandb/run-20230710_203451-oicdg0sb/files/output.log
2023-07-10 20:36:48,568 INFO    Thread-12 :36772 [dir_watcher.py:_on_file_modified():289] file/dir modified: /home/zhuhe/HPE-with-Diffusion/wandb/run-20230710_203451-oicdg0sb/files/output.log
2023-07-10 20:36:49,265 DEBUG   HandlerThread:36772 [handler.py:handle_request():144] handle_request: status_report
2023-07-10 20:36:50,569 INFO    Thread-12 :36772 [dir_watcher.py:_on_file_modified():289] file/dir modified: /home/zhuhe/HPE-with-Diffusion/wandb/run-20230710_203451-oicdg0sb/files/output.log
2023-07-10 20:36:52,569 INFO    Thread-12 :36772 [dir_watcher.py:_on_file_modified():289] file/dir modified: /home/zhuhe/HPE-with-Diffusion/wandb/run-20230710_203451-oicdg0sb/files/output.log
2023-07-10 20:36:52,757 DEBUG   SenderThread:36772 [sender.py:send():369] send: stats
2023-07-10 20:36:53,654 DEBUG   HandlerThread:36772 [handler.py:handle_request():144] handle_request: stop_status
2023-07-10 20:36:53,654 DEBUG   SenderThread:36772 [sender.py:send_request():396] send_request: stop_status
2023-07-10 20:36:54,333 DEBUG   HandlerThread:36772 [handler.py:handle_request():144] handle_request: status_report
2023-07-10 20:36:54,569 INFO    Thread-12 :36772 [dir_watcher.py:_on_file_modified():289] file/dir modified: /home/zhuhe/HPE-with-Diffusion/wandb/run-20230710_203451-oicdg0sb/files/output.log
2023-07-10 20:36:56,570 INFO    Thread-12 :36772 [dir_watcher.py:_on_file_modified():289] file/dir modified: /home/zhuhe/HPE-with-Diffusion/wandb/run-20230710_203451-oicdg0sb/files/output.log
2023-07-10 20:36:58,570 INFO    Thread-12 :36772 [dir_watcher.py:_on_file_modified():289] file/dir modified: /home/zhuhe/HPE-with-Diffusion/wandb/run-20230710_203451-oicdg0sb/files/output.log
2023-07-10 20:36:59,398 DEBUG   HandlerThread:36772 [handler.py:handle_request():144] handle_request: status_report
2023-07-10 20:37:00,571 INFO    Thread-12 :36772 [dir_watcher.py:_on_file_modified():289] file/dir modified: /home/zhuhe/HPE-with-Diffusion/wandb/run-20230710_203451-oicdg0sb/files/output.log
2023-07-10 20:37:02,571 INFO    Thread-12 :36772 [dir_watcher.py:_on_file_modified():289] file/dir modified: /home/zhuhe/HPE-with-Diffusion/wandb/run-20230710_203451-oicdg0sb/files/output.log
2023-07-10 20:37:04,466 DEBUG   HandlerThread:36772 [handler.py:handle_request():144] handle_request: status_report
2023-07-10 20:37:04,572 INFO    Thread-12 :36772 [dir_watcher.py:_on_file_modified():289] file/dir modified: /home/zhuhe/HPE-with-Diffusion/wandb/run-20230710_203451-oicdg0sb/files/output.log
2023-07-10 20:37:06,572 INFO    Thread-12 :36772 [dir_watcher.py:_on_file_modified():289] file/dir modified: /home/zhuhe/HPE-with-Diffusion/wandb/run-20230710_203451-oicdg0sb/files/output.log
2023-07-10 20:37:08,573 INFO    Thread-12 :36772 [dir_watcher.py:_on_file_modified():289] file/dir modified: /home/zhuhe/HPE-with-Diffusion/wandb/run-20230710_203451-oicdg0sb/files/output.log
2023-07-10 20:37:08,654 DEBUG   HandlerThread:36772 [handler.py:handle_request():144] handle_request: stop_status
2023-07-10 20:37:08,655 DEBUG   SenderThread:36772 [sender.py:send_request():396] send_request: stop_status
2023-07-10 20:37:09,535 DEBUG   HandlerThread:36772 [handler.py:handle_request():144] handle_request: status_report
2023-07-10 20:37:10,573 INFO    Thread-12 :36772 [dir_watcher.py:_on_file_modified():289] file/dir modified: /home/zhuhe/HPE-with-Diffusion/wandb/run-20230710_203451-oicdg0sb/files/output.log
2023-07-10 20:37:12,574 INFO    Thread-12 :36772 [dir_watcher.py:_on_file_modified():289] file/dir modified: /home/zhuhe/HPE-with-Diffusion/wandb/run-20230710_203451-oicdg0sb/files/output.log
2023-07-10 20:37:14,574 INFO    Thread-12 :36772 [dir_watcher.py:_on_file_modified():289] file/dir modified: /home/zhuhe/HPE-with-Diffusion/wandb/run-20230710_203451-oicdg0sb/files/output.log
2023-07-10 20:37:14,601 DEBUG   HandlerThread:36772 [handler.py:handle_request():144] handle_request: status_report
2023-07-10 20:37:16,574 INFO    Thread-12 :36772 [dir_watcher.py:_on_file_modified():289] file/dir modified: /home/zhuhe/HPE-with-Diffusion/wandb/run-20230710_203451-oicdg0sb/files/output.log
2023-07-10 20:37:18,575 INFO    Thread-12 :36772 [dir_watcher.py:_on_file_modified():289] file/dir modified: /home/zhuhe/HPE-with-Diffusion/wandb/run-20230710_203451-oicdg0sb/files/output.log
2023-07-10 20:37:19,675 DEBUG   HandlerThread:36772 [handler.py:handle_request():144] handle_request: status_report
2023-07-10 20:37:20,575 INFO    Thread-12 :36772 [dir_watcher.py:_on_file_modified():289] file/dir modified: /home/zhuhe/HPE-with-Diffusion/wandb/run-20230710_203451-oicdg0sb/files/output.log
2023-07-10 20:37:22,576 INFO    Thread-12 :36772 [dir_watcher.py:_on_file_modified():289] file/dir modified: /home/zhuhe/HPE-with-Diffusion/wandb/run-20230710_203451-oicdg0sb/files/output.log
2023-07-10 20:37:22,757 DEBUG   SenderThread:36772 [sender.py:send():369] send: stats
2023-07-10 20:37:23,654 DEBUG   HandlerThread:36772 [handler.py:handle_request():144] handle_request: stop_status
2023-07-10 20:37:23,655 DEBUG   SenderThread:36772 [sender.py:send_request():396] send_request: stop_status
2023-07-10 20:37:24,576 INFO    Thread-12 :36772 [dir_watcher.py:_on_file_modified():289] file/dir modified: /home/zhuhe/HPE-with-Diffusion/wandb/run-20230710_203451-oicdg0sb/files/output.log
2023-07-10 20:37:24,751 DEBUG   HandlerThread:36772 [handler.py:handle_request():144] handle_request: status_report
2023-07-10 20:37:26,577 INFO    Thread-12 :36772 [dir_watcher.py:_on_file_modified():289] file/dir modified: /home/zhuhe/HPE-with-Diffusion/wandb/run-20230710_203451-oicdg0sb/files/output.log
2023-07-10 20:37:28,577 INFO    Thread-12 :36772 [dir_watcher.py:_on_file_modified():289] file/dir modified: /home/zhuhe/HPE-with-Diffusion/wandb/run-20230710_203451-oicdg0sb/files/output.log
2023-07-10 20:37:29,827 DEBUG   HandlerThread:36772 [handler.py:handle_request():144] handle_request: status_report
2023-07-10 20:37:30,578 INFO    Thread-12 :36772 [dir_watcher.py:_on_file_modified():289] file/dir modified: /home/zhuhe/HPE-with-Diffusion/wandb/run-20230710_203451-oicdg0sb/files/output.log
2023-07-10 20:37:32,578 INFO    Thread-12 :36772 [dir_watcher.py:_on_file_modified():289] file/dir modified: /home/zhuhe/HPE-with-Diffusion/wandb/run-20230710_203451-oicdg0sb/files/output.log
2023-07-10 20:37:34,578 INFO    Thread-12 :36772 [dir_watcher.py:_on_file_modified():289] file/dir modified: /home/zhuhe/HPE-with-Diffusion/wandb/run-20230710_203451-oicdg0sb/files/output.log
2023-07-10 20:37:34,902 DEBUG   HandlerThread:36772 [handler.py:handle_request():144] handle_request: status_report
2023-07-10 20:37:36,579 INFO    Thread-12 :36772 [dir_watcher.py:_on_file_modified():289] file/dir modified: /home/zhuhe/HPE-with-Diffusion/wandb/run-20230710_203451-oicdg0sb/files/output.log
2023-07-10 20:37:38,579 INFO    Thread-12 :36772 [dir_watcher.py:_on_file_modified():289] file/dir modified: /home/zhuhe/HPE-with-Diffusion/wandb/run-20230710_203451-oicdg0sb/files/output.log
2023-07-10 20:37:38,654 DEBUG   HandlerThread:36772 [handler.py:handle_request():144] handle_request: stop_status
2023-07-10 20:37:38,655 DEBUG   SenderThread:36772 [sender.py:send_request():396] send_request: stop_status
2023-07-10 20:37:39,979 DEBUG   HandlerThread:36772 [handler.py:handle_request():144] handle_request: status_report
2023-07-10 20:37:40,580 INFO    Thread-12 :36772 [dir_watcher.py:_on_file_modified():289] file/dir modified: /home/zhuhe/HPE-with-Diffusion/wandb/run-20230710_203451-oicdg0sb/files/output.log
2023-07-10 20:37:42,580 INFO    Thread-12 :36772 [dir_watcher.py:_on_file_modified():289] file/dir modified: /home/zhuhe/HPE-with-Diffusion/wandb/run-20230710_203451-oicdg0sb/files/output.log
2023-07-10 20:37:44,581 INFO    Thread-12 :36772 [dir_watcher.py:_on_file_modified():289] file/dir modified: /home/zhuhe/HPE-with-Diffusion/wandb/run-20230710_203451-oicdg0sb/files/output.log
2023-07-10 20:37:45,055 DEBUG   HandlerThread:36772 [handler.py:handle_request():144] handle_request: status_report
2023-07-10 20:37:46,581 INFO    Thread-12 :36772 [dir_watcher.py:_on_file_modified():289] file/dir modified: /home/zhuhe/HPE-with-Diffusion/wandb/run-20230710_203451-oicdg0sb/files/output.log
2023-07-10 20:37:48,582 INFO    Thread-12 :36772 [dir_watcher.py:_on_file_modified():289] file/dir modified: /home/zhuhe/HPE-with-Diffusion/wandb/run-20230710_203451-oicdg0sb/files/output.log
2023-07-10 20:37:50,132 DEBUG   HandlerThread:36772 [handler.py:handle_request():144] handle_request: status_report
2023-07-10 20:37:50,582 INFO    Thread-12 :36772 [dir_watcher.py:_on_file_modified():289] file/dir modified: /home/zhuhe/HPE-with-Diffusion/wandb/run-20230710_203451-oicdg0sb/files/output.log
2023-07-10 20:37:52,582 INFO    Thread-12 :36772 [dir_watcher.py:_on_file_modified():289] file/dir modified: /home/zhuhe/HPE-with-Diffusion/wandb/run-20230710_203451-oicdg0sb/files/output.log
2023-07-10 20:37:52,758 DEBUG   SenderThread:36772 [sender.py:send():369] send: stats
2023-07-10 20:37:53,655 DEBUG   HandlerThread:36772 [handler.py:handle_request():144] handle_request: stop_status
2023-07-10 20:37:53,655 DEBUG   SenderThread:36772 [sender.py:send_request():396] send_request: stop_status
2023-07-10 20:37:54,583 INFO    Thread-12 :36772 [dir_watcher.py:_on_file_modified():289] file/dir modified: /home/zhuhe/HPE-with-Diffusion/wandb/run-20230710_203451-oicdg0sb/files/output.log
2023-07-10 20:37:55,206 DEBUG   HandlerThread:36772 [handler.py:handle_request():144] handle_request: status_report
2023-07-10 20:37:56,584 INFO    Thread-12 :36772 [dir_watcher.py:_on_file_modified():289] file/dir modified: /home/zhuhe/HPE-with-Diffusion/wandb/run-20230710_203451-oicdg0sb/files/output.log
2023-07-10 20:37:58,584 INFO    Thread-12 :36772 [dir_watcher.py:_on_file_modified():289] file/dir modified: /home/zhuhe/HPE-with-Diffusion/wandb/run-20230710_203451-oicdg0sb/files/output.log
2023-07-10 20:38:00,278 DEBUG   HandlerThread:36772 [handler.py:handle_request():144] handle_request: status_report
2023-07-10 20:38:00,584 INFO    Thread-12 :36772 [dir_watcher.py:_on_file_modified():289] file/dir modified: /home/zhuhe/HPE-with-Diffusion/wandb/run-20230710_203451-oicdg0sb/files/output.log
2023-07-10 20:38:02,585 INFO    Thread-12 :36772 [dir_watcher.py:_on_file_modified():289] file/dir modified: /home/zhuhe/HPE-with-Diffusion/wandb/run-20230710_203451-oicdg0sb/files/output.log
2023-07-10 20:38:04,585 INFO    Thread-12 :36772 [dir_watcher.py:_on_file_modified():289] file/dir modified: /home/zhuhe/HPE-with-Diffusion/wandb/run-20230710_203451-oicdg0sb/files/output.log
2023-07-10 20:38:05,353 DEBUG   HandlerThread:36772 [handler.py:handle_request():144] handle_request: status_report
2023-07-10 20:38:06,586 INFO    Thread-12 :36772 [dir_watcher.py:_on_file_modified():289] file/dir modified: /home/zhuhe/HPE-with-Diffusion/wandb/run-20230710_203451-oicdg0sb/files/output.log
2023-07-10 20:38:08,586 INFO    Thread-12 :36772 [dir_watcher.py:_on_file_modified():289] file/dir modified: /home/zhuhe/HPE-with-Diffusion/wandb/run-20230710_203451-oicdg0sb/files/output.log
2023-07-10 20:38:08,655 DEBUG   HandlerThread:36772 [handler.py:handle_request():144] handle_request: stop_status
2023-07-10 20:38:08,655 DEBUG   SenderThread:36772 [sender.py:send_request():396] send_request: stop_status
2023-07-10 20:38:10,430 DEBUG   HandlerThread:36772 [handler.py:handle_request():144] handle_request: status_report
2023-07-10 20:38:10,587 INFO    Thread-12 :36772 [dir_watcher.py:_on_file_modified():289] file/dir modified: /home/zhuhe/HPE-with-Diffusion/wandb/run-20230710_203451-oicdg0sb/files/output.log
2023-07-10 20:38:12,587 INFO    Thread-12 :36772 [dir_watcher.py:_on_file_modified():289] file/dir modified: /home/zhuhe/HPE-with-Diffusion/wandb/run-20230710_203451-oicdg0sb/files/output.log
2023-07-10 20:38:14,588 INFO    Thread-12 :36772 [dir_watcher.py:_on_file_modified():289] file/dir modified: /home/zhuhe/HPE-with-Diffusion/wandb/run-20230710_203451-oicdg0sb/files/output.log
2023-07-10 20:38:15,509 DEBUG   HandlerThread:36772 [handler.py:handle_request():144] handle_request: status_report
2023-07-10 20:38:16,588 INFO    Thread-12 :36772 [dir_watcher.py:_on_file_modified():289] file/dir modified: /home/zhuhe/HPE-with-Diffusion/wandb/run-20230710_203451-oicdg0sb/files/output.log
2023-07-10 20:38:18,588 INFO    Thread-12 :36772 [dir_watcher.py:_on_file_modified():289] file/dir modified: /home/zhuhe/HPE-with-Diffusion/wandb/run-20230710_203451-oicdg0sb/files/output.log
2023-07-10 20:38:20,586 DEBUG   HandlerThread:36772 [handler.py:handle_request():144] handle_request: status_report
2023-07-10 20:38:20,589 INFO    Thread-12 :36772 [dir_watcher.py:_on_file_modified():289] file/dir modified: /home/zhuhe/HPE-with-Diffusion/wandb/run-20230710_203451-oicdg0sb/files/output.log
2023-07-10 20:38:22,589 INFO    Thread-12 :36772 [dir_watcher.py:_on_file_modified():289] file/dir modified: /home/zhuhe/HPE-with-Diffusion/wandb/run-20230710_203451-oicdg0sb/files/output.log
2023-07-10 20:38:22,758 DEBUG   SenderThread:36772 [sender.py:send():369] send: stats
2023-07-10 20:38:23,655 DEBUG   HandlerThread:36772 [handler.py:handle_request():144] handle_request: stop_status
2023-07-10 20:38:23,655 DEBUG   SenderThread:36772 [sender.py:send_request():396] send_request: stop_status
2023-07-10 20:38:24,590 INFO    Thread-12 :36772 [dir_watcher.py:_on_file_modified():289] file/dir modified: /home/zhuhe/HPE-with-Diffusion/wandb/run-20230710_203451-oicdg0sb/files/output.log
2023-07-10 20:38:25,665 DEBUG   HandlerThread:36772 [handler.py:handle_request():144] handle_request: status_report
2023-07-10 20:38:26,590 INFO    Thread-12 :36772 [dir_watcher.py:_on_file_modified():289] file/dir modified: /home/zhuhe/HPE-with-Diffusion/wandb/run-20230710_203451-oicdg0sb/files/output.log
2023-07-10 20:38:28,591 INFO    Thread-12 :36772 [dir_watcher.py:_on_file_modified():289] file/dir modified: /home/zhuhe/HPE-with-Diffusion/wandb/run-20230710_203451-oicdg0sb/files/output.log
2023-07-10 20:38:30,591 INFO    Thread-12 :36772 [dir_watcher.py:_on_file_modified():289] file/dir modified: /home/zhuhe/HPE-with-Diffusion/wandb/run-20230710_203451-oicdg0sb/files/output.log
2023-07-10 20:38:30,745 DEBUG   HandlerThread:36772 [handler.py:handle_request():144] handle_request: status_report
2023-07-10 20:38:32,592 INFO    Thread-12 :36772 [dir_watcher.py:_on_file_modified():289] file/dir modified: /home/zhuhe/HPE-with-Diffusion/wandb/run-20230710_203451-oicdg0sb/files/output.log
2023-07-10 20:38:34,592 INFO    Thread-12 :36772 [dir_watcher.py:_on_file_modified():289] file/dir modified: /home/zhuhe/HPE-with-Diffusion/wandb/run-20230710_203451-oicdg0sb/files/output.log
2023-07-10 20:38:35,825 DEBUG   HandlerThread:36772 [handler.py:handle_request():144] handle_request: status_report
2023-07-10 20:38:36,592 INFO    Thread-12 :36772 [dir_watcher.py:_on_file_modified():289] file/dir modified: /home/zhuhe/HPE-with-Diffusion/wandb/run-20230710_203451-oicdg0sb/files/output.log
2023-07-10 20:38:38,593 INFO    Thread-12 :36772 [dir_watcher.py:_on_file_modified():289] file/dir modified: /home/zhuhe/HPE-with-Diffusion/wandb/run-20230710_203451-oicdg0sb/files/output.log
2023-07-10 20:38:38,655 DEBUG   HandlerThread:36772 [handler.py:handle_request():144] handle_request: stop_status
2023-07-10 20:38:38,655 DEBUG   SenderThread:36772 [sender.py:send_request():396] send_request: stop_status
2023-07-10 20:38:40,593 INFO    Thread-12 :36772 [dir_watcher.py:_on_file_modified():289] file/dir modified: /home/zhuhe/HPE-with-Diffusion/wandb/run-20230710_203451-oicdg0sb/files/output.log
2023-07-10 20:38:40,904 DEBUG   HandlerThread:36772 [handler.py:handle_request():144] handle_request: status_report
2023-07-10 20:38:42,594 INFO    Thread-12 :36772 [dir_watcher.py:_on_file_modified():289] file/dir modified: /home/zhuhe/HPE-with-Diffusion/wandb/run-20230710_203451-oicdg0sb/files/output.log
2023-07-10 20:38:44,594 INFO    Thread-12 :36772 [dir_watcher.py:_on_file_modified():289] file/dir modified: /home/zhuhe/HPE-with-Diffusion/wandb/run-20230710_203451-oicdg0sb/files/output.log
2023-07-10 20:38:45,986 DEBUG   HandlerThread:36772 [handler.py:handle_request():144] handle_request: status_report
2023-07-10 20:38:46,595 INFO    Thread-12 :36772 [dir_watcher.py:_on_file_modified():289] file/dir modified: /home/zhuhe/HPE-with-Diffusion/wandb/run-20230710_203451-oicdg0sb/files/output.log
2023-07-10 20:38:48,595 INFO    Thread-12 :36772 [dir_watcher.py:_on_file_modified():289] file/dir modified: /home/zhuhe/HPE-with-Diffusion/wandb/run-20230710_203451-oicdg0sb/files/output.log
2023-07-10 20:38:50,596 INFO    Thread-12 :36772 [dir_watcher.py:_on_file_modified():289] file/dir modified: /home/zhuhe/HPE-with-Diffusion/wandb/run-20230710_203451-oicdg0sb/files/output.log
2023-07-10 20:38:51,069 DEBUG   HandlerThread:36772 [handler.py:handle_request():144] handle_request: status_report
2023-07-10 20:38:52,596 INFO    Thread-12 :36772 [dir_watcher.py:_on_file_modified():289] file/dir modified: /home/zhuhe/HPE-with-Diffusion/wandb/run-20230710_203451-oicdg0sb/files/output.log
2023-07-10 20:38:52,758 DEBUG   SenderThread:36772 [sender.py:send():369] send: stats
2023-07-10 20:38:53,655 DEBUG   HandlerThread:36772 [handler.py:handle_request():144] handle_request: stop_status
2023-07-10 20:38:53,655 DEBUG   SenderThread:36772 [sender.py:send_request():396] send_request: stop_status
2023-07-10 20:38:54,596 INFO    Thread-12 :36772 [dir_watcher.py:_on_file_modified():289] file/dir modified: /home/zhuhe/HPE-with-Diffusion/wandb/run-20230710_203451-oicdg0sb/files/output.log
2023-07-10 20:38:56,150 DEBUG   HandlerThread:36772 [handler.py:handle_request():144] handle_request: status_report
2023-07-10 20:38:56,597 INFO    Thread-12 :36772 [dir_watcher.py:_on_file_modified():289] file/dir modified: /home/zhuhe/HPE-with-Diffusion/wandb/run-20230710_203451-oicdg0sb/files/output.log
2023-07-10 20:38:58,597 INFO    Thread-12 :36772 [dir_watcher.py:_on_file_modified():289] file/dir modified: /home/zhuhe/HPE-with-Diffusion/wandb/run-20230710_203451-oicdg0sb/files/output.log
2023-07-10 20:39:00,598 INFO    Thread-12 :36772 [dir_watcher.py:_on_file_modified():289] file/dir modified: /home/zhuhe/HPE-with-Diffusion/wandb/run-20230710_203451-oicdg0sb/files/output.log
2023-07-10 20:39:01,235 DEBUG   HandlerThread:36772 [handler.py:handle_request():144] handle_request: status_report
2023-07-10 20:39:02,598 INFO    Thread-12 :36772 [dir_watcher.py:_on_file_modified():289] file/dir modified: /home/zhuhe/HPE-with-Diffusion/wandb/run-20230710_203451-oicdg0sb/files/output.log
2023-07-10 20:39:04,599 INFO    Thread-12 :36772 [dir_watcher.py:_on_file_modified():289] file/dir modified: /home/zhuhe/HPE-with-Diffusion/wandb/run-20230710_203451-oicdg0sb/files/output.log
2023-07-10 20:39:06,318 DEBUG   HandlerThread:36772 [handler.py:handle_request():144] handle_request: status_report
2023-07-10 20:39:06,599 INFO    Thread-12 :36772 [dir_watcher.py:_on_file_modified():289] file/dir modified: /home/zhuhe/HPE-with-Diffusion/wandb/run-20230710_203451-oicdg0sb/files/output.log
2023-07-10 20:39:08,599 INFO    Thread-12 :36772 [dir_watcher.py:_on_file_modified():289] file/dir modified: /home/zhuhe/HPE-with-Diffusion/wandb/run-20230710_203451-oicdg0sb/files/output.log
2023-07-10 20:39:08,655 DEBUG   HandlerThread:36772 [handler.py:handle_request():144] handle_request: stop_status
2023-07-10 20:39:08,656 DEBUG   SenderThread:36772 [sender.py:send_request():396] send_request: stop_status
2023-07-10 20:39:10,600 INFO    Thread-12 :36772 [dir_watcher.py:_on_file_modified():289] file/dir modified: /home/zhuhe/HPE-with-Diffusion/wandb/run-20230710_203451-oicdg0sb/files/output.log
2023-07-10 20:39:11,399 DEBUG   HandlerThread:36772 [handler.py:handle_request():144] handle_request: status_report
2023-07-10 20:39:12,600 INFO    Thread-12 :36772 [dir_watcher.py:_on_file_modified():289] file/dir modified: /home/zhuhe/HPE-with-Diffusion/wandb/run-20230710_203451-oicdg0sb/files/output.log
2023-07-10 20:39:14,601 INFO    Thread-12 :36772 [dir_watcher.py:_on_file_modified():289] file/dir modified: /home/zhuhe/HPE-with-Diffusion/wandb/run-20230710_203451-oicdg0sb/files/output.log
2023-07-10 20:39:16,482 DEBUG   HandlerThread:36772 [handler.py:handle_request():144] handle_request: status_report
2023-07-10 20:39:16,601 INFO    Thread-12 :36772 [dir_watcher.py:_on_file_modified():289] file/dir modified: /home/zhuhe/HPE-with-Diffusion/wandb/run-20230710_203451-oicdg0sb/files/output.log
2023-07-10 20:39:18,602 INFO    Thread-12 :36772 [dir_watcher.py:_on_file_modified():289] file/dir modified: /home/zhuhe/HPE-with-Diffusion/wandb/run-20230710_203451-oicdg0sb/files/output.log
2023-07-10 20:39:20,602 INFO    Thread-12 :36772 [dir_watcher.py:_on_file_modified():289] file/dir modified: /home/zhuhe/HPE-with-Diffusion/wandb/run-20230710_203451-oicdg0sb/files/output.log
2023-07-10 20:39:21,565 DEBUG   HandlerThread:36772 [handler.py:handle_request():144] handle_request: status_report
2023-07-10 20:39:22,603 INFO    Thread-12 :36772 [dir_watcher.py:_on_file_modified():289] file/dir modified: /home/zhuhe/HPE-with-Diffusion/wandb/run-20230710_203451-oicdg0sb/files/output.log
2023-07-10 20:39:22,759 DEBUG   SenderThread:36772 [sender.py:send():369] send: stats
2023-07-10 20:39:23,655 DEBUG   HandlerThread:36772 [handler.py:handle_request():144] handle_request: stop_status
2023-07-10 20:39:23,656 DEBUG   SenderThread:36772 [sender.py:send_request():396] send_request: stop_status
2023-07-10 20:39:24,603 INFO    Thread-12 :36772 [dir_watcher.py:_on_file_modified():289] file/dir modified: /home/zhuhe/HPE-with-Diffusion/wandb/run-20230710_203451-oicdg0sb/files/output.log
2023-07-10 20:39:27,470 DEBUG   HandlerThread:36772 [handler.py:handle_request():144] handle_request: status_report
2023-07-10 20:39:28,604 INFO    Thread-12 :36772 [dir_watcher.py:_on_file_modified():289] file/dir modified: /home/zhuhe/HPE-with-Diffusion/wandb/run-20230710_203451-oicdg0sb/files/output.log
2023-07-10 20:39:30,604 INFO    Thread-12 :36772 [dir_watcher.py:_on_file_modified():289] file/dir modified: /home/zhuhe/HPE-with-Diffusion/wandb/run-20230710_203451-oicdg0sb/files/output.log
2023-07-10 20:39:32,547 DEBUG   HandlerThread:36772 [handler.py:handle_request():144] handle_request: status_report
2023-07-10 20:39:32,605 INFO    Thread-12 :36772 [dir_watcher.py:_on_file_modified():289] file/dir modified: /home/zhuhe/HPE-with-Diffusion/wandb/run-20230710_203451-oicdg0sb/files/output.log
2023-07-10 20:39:34,605 INFO    Thread-12 :36772 [dir_watcher.py:_on_file_modified():289] file/dir modified: /home/zhuhe/HPE-with-Diffusion/wandb/run-20230710_203451-oicdg0sb/files/output.log
2023-07-10 20:39:36,606 INFO    Thread-12 :36772 [dir_watcher.py:_on_file_modified():289] file/dir modified: /home/zhuhe/HPE-with-Diffusion/wandb/run-20230710_203451-oicdg0sb/files/output.log
2023-07-10 20:39:37,631 DEBUG   HandlerThread:36772 [handler.py:handle_request():144] handle_request: status_report
2023-07-10 20:39:38,606 INFO    Thread-12 :36772 [dir_watcher.py:_on_file_modified():289] file/dir modified: /home/zhuhe/HPE-with-Diffusion/wandb/run-20230710_203451-oicdg0sb/files/output.log
2023-07-10 20:39:38,655 DEBUG   HandlerThread:36772 [handler.py:handle_request():144] handle_request: stop_status
2023-07-10 20:39:38,656 DEBUG   SenderThread:36772 [sender.py:send_request():396] send_request: stop_status
2023-07-10 20:39:40,607 INFO    Thread-12 :36772 [dir_watcher.py:_on_file_modified():289] file/dir modified: /home/zhuhe/HPE-with-Diffusion/wandb/run-20230710_203451-oicdg0sb/files/output.log
2023-07-10 20:39:42,607 INFO    Thread-12 :36772 [dir_watcher.py:_on_file_modified():289] file/dir modified: /home/zhuhe/HPE-with-Diffusion/wandb/run-20230710_203451-oicdg0sb/files/output.log
2023-07-10 20:39:42,713 DEBUG   HandlerThread:36772 [handler.py:handle_request():144] handle_request: status_report
2023-07-10 20:39:44,608 INFO    Thread-12 :36772 [dir_watcher.py:_on_file_modified():289] file/dir modified: /home/zhuhe/HPE-with-Diffusion/wandb/run-20230710_203451-oicdg0sb/files/output.log
2023-07-10 20:39:46,608 INFO    Thread-12 :36772 [dir_watcher.py:_on_file_modified():289] file/dir modified: /home/zhuhe/HPE-with-Diffusion/wandb/run-20230710_203451-oicdg0sb/files/output.log
2023-07-10 20:39:47,795 DEBUG   HandlerThread:36772 [handler.py:handle_request():144] handle_request: status_report
2023-07-10 20:39:48,609 INFO    Thread-12 :36772 [dir_watcher.py:_on_file_modified():289] file/dir modified: /home/zhuhe/HPE-with-Diffusion/wandb/run-20230710_203451-oicdg0sb/files/output.log
2023-07-10 20:39:50,609 INFO    Thread-12 :36772 [dir_watcher.py:_on_file_modified():289] file/dir modified: /home/zhuhe/HPE-with-Diffusion/wandb/run-20230710_203451-oicdg0sb/files/output.log
2023-07-10 20:39:52,609 INFO    Thread-12 :36772 [dir_watcher.py:_on_file_modified():289] file/dir modified: /home/zhuhe/HPE-with-Diffusion/wandb/run-20230710_203451-oicdg0sb/files/output.log
2023-07-10 20:39:52,759 DEBUG   SenderThread:36772 [sender.py:send():369] send: stats
2023-07-10 20:39:52,880 DEBUG   HandlerThread:36772 [handler.py:handle_request():144] handle_request: status_report
2023-07-10 20:39:53,656 DEBUG   HandlerThread:36772 [handler.py:handle_request():144] handle_request: stop_status
2023-07-10 20:39:53,656 DEBUG   SenderThread:36772 [sender.py:send_request():396] send_request: stop_status
2023-07-10 20:39:54,610 INFO    Thread-12 :36772 [dir_watcher.py:_on_file_modified():289] file/dir modified: /home/zhuhe/HPE-with-Diffusion/wandb/run-20230710_203451-oicdg0sb/files/output.log
2023-07-10 20:39:56,610 INFO    Thread-12 :36772 [dir_watcher.py:_on_file_modified():289] file/dir modified: /home/zhuhe/HPE-with-Diffusion/wandb/run-20230710_203451-oicdg0sb/files/output.log
2023-07-10 20:39:57,961 DEBUG   HandlerThread:36772 [handler.py:handle_request():144] handle_request: status_report
2023-07-10 20:39:58,611 INFO    Thread-12 :36772 [dir_watcher.py:_on_file_modified():289] file/dir modified: /home/zhuhe/HPE-with-Diffusion/wandb/run-20230710_203451-oicdg0sb/files/output.log
2023-07-10 20:40:00,611 INFO    Thread-12 :36772 [dir_watcher.py:_on_file_modified():289] file/dir modified: /home/zhuhe/HPE-with-Diffusion/wandb/run-20230710_203451-oicdg0sb/files/output.log
2023-07-10 20:40:02,611 INFO    Thread-12 :36772 [dir_watcher.py:_on_file_modified():289] file/dir modified: /home/zhuhe/HPE-with-Diffusion/wandb/run-20230710_203451-oicdg0sb/files/output.log
2023-07-10 20:40:03,044 DEBUG   HandlerThread:36772 [handler.py:handle_request():144] handle_request: status_report
2023-07-10 20:40:04,612 INFO    Thread-12 :36772 [dir_watcher.py:_on_file_modified():289] file/dir modified: /home/zhuhe/HPE-with-Diffusion/wandb/run-20230710_203451-oicdg0sb/files/output.log
2023-07-10 20:40:06,612 INFO    Thread-12 :36772 [dir_watcher.py:_on_file_modified():289] file/dir modified: /home/zhuhe/HPE-with-Diffusion/wandb/run-20230710_203451-oicdg0sb/files/output.log
2023-07-10 20:40:08,128 DEBUG   HandlerThread:36772 [handler.py:handle_request():144] handle_request: status_report
2023-07-10 20:40:08,613 INFO    Thread-12 :36772 [dir_watcher.py:_on_file_modified():289] file/dir modified: /home/zhuhe/HPE-with-Diffusion/wandb/run-20230710_203451-oicdg0sb/files/output.log
2023-07-10 20:40:08,656 DEBUG   HandlerThread:36772 [handler.py:handle_request():144] handle_request: stop_status
2023-07-10 20:40:08,656 DEBUG   SenderThread:36772 [sender.py:send_request():396] send_request: stop_status
2023-07-10 20:40:10,613 INFO    Thread-12 :36772 [dir_watcher.py:_on_file_modified():289] file/dir modified: /home/zhuhe/HPE-with-Diffusion/wandb/run-20230710_203451-oicdg0sb/files/output.log
2023-07-10 20:40:12,614 INFO    Thread-12 :36772 [dir_watcher.py:_on_file_modified():289] file/dir modified: /home/zhuhe/HPE-with-Diffusion/wandb/run-20230710_203451-oicdg0sb/files/output.log
2023-07-10 20:40:13,212 DEBUG   HandlerThread:36772 [handler.py:handle_request():144] handle_request: status_report
2023-07-10 20:40:14,614 INFO    Thread-12 :36772 [dir_watcher.py:_on_file_modified():289] file/dir modified: /home/zhuhe/HPE-with-Diffusion/wandb/run-20230710_203451-oicdg0sb/files/output.log
2023-07-10 20:40:16,615 INFO    Thread-12 :36772 [dir_watcher.py:_on_file_modified():289] file/dir modified: /home/zhuhe/HPE-with-Diffusion/wandb/run-20230710_203451-oicdg0sb/files/output.log
2023-07-10 20:40:18,295 DEBUG   HandlerThread:36772 [handler.py:handle_request():144] handle_request: status_report
2023-07-10 20:40:18,615 INFO    Thread-12 :36772 [dir_watcher.py:_on_file_modified():289] file/dir modified: /home/zhuhe/HPE-with-Diffusion/wandb/run-20230710_203451-oicdg0sb/files/output.log
2023-07-10 20:40:20,615 INFO    Thread-12 :36772 [dir_watcher.py:_on_file_modified():289] file/dir modified: /home/zhuhe/HPE-with-Diffusion/wandb/run-20230710_203451-oicdg0sb/files/output.log
2023-07-10 20:40:22,616 INFO    Thread-12 :36772 [dir_watcher.py:_on_file_modified():289] file/dir modified: /home/zhuhe/HPE-with-Diffusion/wandb/run-20230710_203451-oicdg0sb/files/output.log
2023-07-10 20:40:22,760 DEBUG   SenderThread:36772 [sender.py:send():369] send: stats
2023-07-10 20:40:23,382 DEBUG   HandlerThread:36772 [handler.py:handle_request():144] handle_request: status_report
2023-07-10 20:40:23,656 DEBUG   HandlerThread:36772 [handler.py:handle_request():144] handle_request: stop_status
2023-07-10 20:40:23,656 DEBUG   SenderThread:36772 [sender.py:send_request():396] send_request: stop_status
2023-07-10 20:40:24,616 INFO    Thread-12 :36772 [dir_watcher.py:_on_file_modified():289] file/dir modified: /home/zhuhe/HPE-with-Diffusion/wandb/run-20230710_203451-oicdg0sb/files/output.log
2023-07-10 20:40:26,617 INFO    Thread-12 :36772 [dir_watcher.py:_on_file_modified():289] file/dir modified: /home/zhuhe/HPE-with-Diffusion/wandb/run-20230710_203451-oicdg0sb/files/output.log
2023-07-10 20:40:28,466 DEBUG   HandlerThread:36772 [handler.py:handle_request():144] handle_request: status_report
2023-07-10 20:40:29,618 INFO    Thread-12 :36772 [dir_watcher.py:_on_file_modified():289] file/dir modified: /home/zhuhe/HPE-with-Diffusion/wandb/run-20230710_203451-oicdg0sb/files/output.log
2023-07-10 20:40:31,619 INFO    Thread-12 :36772 [dir_watcher.py:_on_file_modified():289] file/dir modified: /home/zhuhe/HPE-with-Diffusion/wandb/run-20230710_203451-oicdg0sb/files/output.log
2023-07-10 20:40:33,551 DEBUG   HandlerThread:36772 [handler.py:handle_request():144] handle_request: status_report
2023-07-10 20:40:33,619 INFO    Thread-12 :36772 [dir_watcher.py:_on_file_modified():289] file/dir modified: /home/zhuhe/HPE-with-Diffusion/wandb/run-20230710_203451-oicdg0sb/files/output.log
2023-07-10 20:40:35,619 INFO    Thread-12 :36772 [dir_watcher.py:_on_file_modified():289] file/dir modified: /home/zhuhe/HPE-with-Diffusion/wandb/run-20230710_203451-oicdg0sb/files/output.log
2023-07-10 20:40:37,620 INFO    Thread-12 :36772 [dir_watcher.py:_on_file_modified():289] file/dir modified: /home/zhuhe/HPE-with-Diffusion/wandb/run-20230710_203451-oicdg0sb/files/output.log
2023-07-10 20:40:38,639 DEBUG   HandlerThread:36772 [handler.py:handle_request():144] handle_request: status_report
2023-07-10 20:40:38,656 DEBUG   HandlerThread:36772 [handler.py:handle_request():144] handle_request: stop_status
2023-07-10 20:40:38,656 DEBUG   SenderThread:36772 [sender.py:send_request():396] send_request: stop_status
2023-07-10 20:40:39,620 INFO    Thread-12 :36772 [dir_watcher.py:_on_file_modified():289] file/dir modified: /home/zhuhe/HPE-with-Diffusion/wandb/run-20230710_203451-oicdg0sb/files/output.log
2023-07-10 20:40:41,621 INFO    Thread-12 :36772 [dir_watcher.py:_on_file_modified():289] file/dir modified: /home/zhuhe/HPE-with-Diffusion/wandb/run-20230710_203451-oicdg0sb/files/output.log
2023-07-10 20:40:43,621 INFO    Thread-12 :36772 [dir_watcher.py:_on_file_modified():289] file/dir modified: /home/zhuhe/HPE-with-Diffusion/wandb/run-20230710_203451-oicdg0sb/files/output.log
2023-07-10 20:40:43,726 DEBUG   HandlerThread:36772 [handler.py:handle_request():144] handle_request: status_report
2023-07-10 20:40:45,622 INFO    Thread-12 :36772 [dir_watcher.py:_on_file_modified():289] file/dir modified: /home/zhuhe/HPE-with-Diffusion/wandb/run-20230710_203451-oicdg0sb/files/output.log
2023-07-10 20:40:47,622 INFO    Thread-12 :36772 [dir_watcher.py:_on_file_modified():289] file/dir modified: /home/zhuhe/HPE-with-Diffusion/wandb/run-20230710_203451-oicdg0sb/files/output.log
2023-07-10 20:40:48,812 DEBUG   HandlerThread:36772 [handler.py:handle_request():144] handle_request: status_report
2023-07-10 20:40:49,622 INFO    Thread-12 :36772 [dir_watcher.py:_on_file_modified():289] file/dir modified: /home/zhuhe/HPE-with-Diffusion/wandb/run-20230710_203451-oicdg0sb/files/output.log
2023-07-10 20:40:51,623 INFO    Thread-12 :36772 [dir_watcher.py:_on_file_modified():289] file/dir modified: /home/zhuhe/HPE-with-Diffusion/wandb/run-20230710_203451-oicdg0sb/files/output.log
2023-07-10 20:40:52,760 DEBUG   SenderThread:36772 [sender.py:send():369] send: stats
2023-07-10 20:40:53,623 INFO    Thread-12 :36772 [dir_watcher.py:_on_file_modified():289] file/dir modified: /home/zhuhe/HPE-with-Diffusion/wandb/run-20230710_203451-oicdg0sb/files/output.log
2023-07-10 20:40:53,656 DEBUG   HandlerThread:36772 [handler.py:handle_request():144] handle_request: stop_status
2023-07-10 20:40:53,656 DEBUG   SenderThread:36772 [sender.py:send_request():396] send_request: stop_status
2023-07-10 20:40:53,868 DEBUG   HandlerThread:36772 [handler.py:handle_request():144] handle_request: status_report
2023-07-10 20:40:55,624 INFO    Thread-12 :36772 [dir_watcher.py:_on_file_modified():289] file/dir modified: /home/zhuhe/HPE-with-Diffusion/wandb/run-20230710_203451-oicdg0sb/files/output.log
2023-07-10 20:40:57,624 INFO    Thread-12 :36772 [dir_watcher.py:_on_file_modified():289] file/dir modified: /home/zhuhe/HPE-with-Diffusion/wandb/run-20230710_203451-oicdg0sb/files/output.log
2023-07-10 20:40:58,990 DEBUG   HandlerThread:36772 [handler.py:handle_request():144] handle_request: status_report
2023-07-10 20:40:59,625 INFO    Thread-12 :36772 [dir_watcher.py:_on_file_modified():289] file/dir modified: /home/zhuhe/HPE-with-Diffusion/wandb/run-20230710_203451-oicdg0sb/files/output.log
2023-07-10 20:41:01,625 INFO    Thread-12 :36772 [dir_watcher.py:_on_file_modified():289] file/dir modified: /home/zhuhe/HPE-with-Diffusion/wandb/run-20230710_203451-oicdg0sb/files/output.log
2023-07-10 20:41:03,626 INFO    Thread-12 :36772 [dir_watcher.py:_on_file_modified():289] file/dir modified: /home/zhuhe/HPE-with-Diffusion/wandb/run-20230710_203451-oicdg0sb/files/output.log
2023-07-10 20:41:04,076 DEBUG   HandlerThread:36772 [handler.py:handle_request():144] handle_request: status_report
2023-07-10 20:41:05,626 INFO    Thread-12 :36772 [dir_watcher.py:_on_file_modified():289] file/dir modified: /home/zhuhe/HPE-with-Diffusion/wandb/run-20230710_203451-oicdg0sb/files/output.log
2023-07-10 20:41:07,626 INFO    Thread-12 :36772 [dir_watcher.py:_on_file_modified():289] file/dir modified: /home/zhuhe/HPE-with-Diffusion/wandb/run-20230710_203451-oicdg0sb/files/output.log
2023-07-10 20:41:08,656 DEBUG   HandlerThread:36772 [handler.py:handle_request():144] handle_request: stop_status
2023-07-10 20:41:08,657 DEBUG   SenderThread:36772 [sender.py:send_request():396] send_request: stop_status
2023-07-10 20:41:09,160 DEBUG   HandlerThread:36772 [handler.py:handle_request():144] handle_request: status_report
2023-07-10 20:41:09,627 INFO    Thread-12 :36772 [dir_watcher.py:_on_file_modified():289] file/dir modified: /home/zhuhe/HPE-with-Diffusion/wandb/run-20230710_203451-oicdg0sb/files/output.log
2023-07-10 20:41:11,627 INFO    Thread-12 :36772 [dir_watcher.py:_on_file_modified():289] file/dir modified: /home/zhuhe/HPE-with-Diffusion/wandb/run-20230710_203451-oicdg0sb/files/output.log
2023-07-10 20:41:13,628 INFO    Thread-12 :36772 [dir_watcher.py:_on_file_modified():289] file/dir modified: /home/zhuhe/HPE-with-Diffusion/wandb/run-20230710_203451-oicdg0sb/files/output.log
2023-07-10 20:41:14,247 DEBUG   HandlerThread:36772 [handler.py:handle_request():144] handle_request: status_report
2023-07-10 20:41:15,628 INFO    Thread-12 :36772 [dir_watcher.py:_on_file_modified():289] file/dir modified: /home/zhuhe/HPE-with-Diffusion/wandb/run-20230710_203451-oicdg0sb/files/output.log
2023-07-10 20:41:17,629 INFO    Thread-12 :36772 [dir_watcher.py:_on_file_modified():289] file/dir modified: /home/zhuhe/HPE-with-Diffusion/wandb/run-20230710_203451-oicdg0sb/files/output.log
2023-07-10 20:41:19,333 DEBUG   HandlerThread:36772 [handler.py:handle_request():144] handle_request: status_report
2023-07-10 20:41:19,629 INFO    Thread-12 :36772 [dir_watcher.py:_on_file_modified():289] file/dir modified: /home/zhuhe/HPE-with-Diffusion/wandb/run-20230710_203451-oicdg0sb/files/output.log
2023-07-10 20:41:21,630 INFO    Thread-12 :36772 [dir_watcher.py:_on_file_modified():289] file/dir modified: /home/zhuhe/HPE-with-Diffusion/wandb/run-20230710_203451-oicdg0sb/files/output.log
2023-07-10 20:41:22,760 DEBUG   SenderThread:36772 [sender.py:send():369] send: stats
2023-07-10 20:41:23,630 INFO    Thread-12 :36772 [dir_watcher.py:_on_file_modified():289] file/dir modified: /home/zhuhe/HPE-with-Diffusion/wandb/run-20230710_203451-oicdg0sb/files/output.log
2023-07-10 20:41:23,656 DEBUG   HandlerThread:36772 [handler.py:handle_request():144] handle_request: stop_status
2023-07-10 20:41:23,657 DEBUG   SenderThread:36772 [sender.py:send_request():396] send_request: stop_status
2023-07-10 20:41:24,417 DEBUG   HandlerThread:36772 [handler.py:handle_request():144] handle_request: status_report
2023-07-10 20:41:25,631 INFO    Thread-12 :36772 [dir_watcher.py:_on_file_modified():289] file/dir modified: /home/zhuhe/HPE-with-Diffusion/wandb/run-20230710_203451-oicdg0sb/files/output.log
2023-07-10 20:41:27,631 INFO    Thread-12 :36772 [dir_watcher.py:_on_file_modified():289] file/dir modified: /home/zhuhe/HPE-with-Diffusion/wandb/run-20230710_203451-oicdg0sb/files/output.log
2023-07-10 20:41:29,504 DEBUG   HandlerThread:36772 [handler.py:handle_request():144] handle_request: status_report
2023-07-10 20:41:29,632 INFO    Thread-12 :36772 [dir_watcher.py:_on_file_modified():289] file/dir modified: /home/zhuhe/HPE-with-Diffusion/wandb/run-20230710_203451-oicdg0sb/files/output.log
2023-07-10 20:41:31,632 INFO    Thread-12 :36772 [dir_watcher.py:_on_file_modified():289] file/dir modified: /home/zhuhe/HPE-with-Diffusion/wandb/run-20230710_203451-oicdg0sb/files/output.log
2023-07-10 20:41:33,633 INFO    Thread-12 :36772 [dir_watcher.py:_on_file_modified():289] file/dir modified: /home/zhuhe/HPE-with-Diffusion/wandb/run-20230710_203451-oicdg0sb/files/output.log
2023-07-10 20:41:34,588 DEBUG   HandlerThread:36772 [handler.py:handle_request():144] handle_request: status_report
2023-07-10 20:41:35,633 INFO    Thread-12 :36772 [dir_watcher.py:_on_file_modified():289] file/dir modified: /home/zhuhe/HPE-with-Diffusion/wandb/run-20230710_203451-oicdg0sb/files/output.log
2023-07-10 20:41:37,633 INFO    Thread-12 :36772 [dir_watcher.py:_on_file_modified():289] file/dir modified: /home/zhuhe/HPE-with-Diffusion/wandb/run-20230710_203451-oicdg0sb/files/output.log
2023-07-10 20:41:38,657 DEBUG   HandlerThread:36772 [handler.py:handle_request():144] handle_request: stop_status
2023-07-10 20:41:38,657 DEBUG   SenderThread:36772 [sender.py:send_request():396] send_request: stop_status
2023-07-10 20:41:39,634 INFO    Thread-12 :36772 [dir_watcher.py:_on_file_modified():289] file/dir modified: /home/zhuhe/HPE-with-Diffusion/wandb/run-20230710_203451-oicdg0sb/files/output.log
2023-07-10 20:41:39,676 DEBUG   HandlerThread:36772 [handler.py:handle_request():144] handle_request: status_report
2023-07-10 20:41:41,634 INFO    Thread-12 :36772 [dir_watcher.py:_on_file_modified():289] file/dir modified: /home/zhuhe/HPE-with-Diffusion/wandb/run-20230710_203451-oicdg0sb/files/output.log
2023-07-10 20:41:43,635 INFO    Thread-12 :36772 [dir_watcher.py:_on_file_modified():289] file/dir modified: /home/zhuhe/HPE-with-Diffusion/wandb/run-20230710_203451-oicdg0sb/files/output.log
2023-07-10 20:41:44,763 DEBUG   HandlerThread:36772 [handler.py:handle_request():144] handle_request: status_report
2023-07-10 20:41:45,635 INFO    Thread-12 :36772 [dir_watcher.py:_on_file_modified():289] file/dir modified: /home/zhuhe/HPE-with-Diffusion/wandb/run-20230710_203451-oicdg0sb/files/output.log
2023-07-10 20:41:47,636 INFO    Thread-12 :36772 [dir_watcher.py:_on_file_modified():289] file/dir modified: /home/zhuhe/HPE-with-Diffusion/wandb/run-20230710_203451-oicdg0sb/files/output.log
2023-07-10 20:41:49,636 INFO    Thread-12 :36772 [dir_watcher.py:_on_file_modified():289] file/dir modified: /home/zhuhe/HPE-with-Diffusion/wandb/run-20230710_203451-oicdg0sb/files/output.log
2023-07-10 20:41:49,853 DEBUG   HandlerThread:36772 [handler.py:handle_request():144] handle_request: status_report
2023-07-10 20:41:51,637 INFO    Thread-12 :36772 [dir_watcher.py:_on_file_modified():289] file/dir modified: /home/zhuhe/HPE-with-Diffusion/wandb/run-20230710_203451-oicdg0sb/files/output.log
2023-07-10 20:41:52,761 DEBUG   SenderThread:36772 [sender.py:send():369] send: stats
2023-07-10 20:41:53,516 DEBUG   SenderThread:36772 [sender.py:send():369] send: exit
2023-07-10 20:41:53,516 INFO    SenderThread:36772 [sender.py:send_exit():574] handling exit code: 1
2023-07-10 20:41:53,516 INFO    SenderThread:36772 [sender.py:send_exit():576] handling runtime: 420
2023-07-10 20:41:53,516 INFO    SenderThread:36772 [sender.py:_save_file():1354] saving file wandb-summary.json with policy end
2023-07-10 20:41:53,516 INFO    SenderThread:36772 [sender.py:send_exit():582] send defer
2023-07-10 20:41:53,516 DEBUG   HandlerThread:36772 [handler.py:handle_request():144] handle_request: defer
2023-07-10 20:41:53,516 INFO    HandlerThread:36772 [handler.py:handle_request_defer():170] handle defer: 0
2023-07-10 20:41:53,516 DEBUG   SenderThread:36772 [sender.py:send_request():396] send_request: defer
2023-07-10 20:41:53,516 INFO    SenderThread:36772 [sender.py:send_request_defer():598] handle sender defer: 0
2023-07-10 20:41:53,516 INFO    SenderThread:36772 [sender.py:transition_state():602] send defer: 1
2023-07-10 20:41:53,516 DEBUG   HandlerThread:36772 [handler.py:handle_request():144] handle_request: defer
2023-07-10 20:41:53,516 INFO    HandlerThread:36772 [handler.py:handle_request_defer():170] handle defer: 1
2023-07-10 20:41:53,517 DEBUG   SenderThread:36772 [sender.py:send_request():396] send_request: defer
2023-07-10 20:41:53,517 INFO    SenderThread:36772 [sender.py:send_request_defer():598] handle sender defer: 1
2023-07-10 20:41:53,517 INFO    SenderThread:36772 [sender.py:transition_state():602] send defer: 2
2023-07-10 20:41:53,517 DEBUG   HandlerThread:36772 [handler.py:handle_request():144] handle_request: defer
2023-07-10 20:41:53,517 INFO    HandlerThread:36772 [handler.py:handle_request_defer():170] handle defer: 2
2023-07-10 20:41:53,517 INFO    HandlerThread:36772 [system_monitor.py:finish():190] Stopping system monitor
2023-07-10 20:41:53,517 DEBUG   SystemMonitor:36772 [system_monitor.py:_start():166] Finished system metrics aggregation loop
2023-07-10 20:41:53,517 DEBUG   SystemMonitor:36772 [system_monitor.py:_start():170] Publishing last batch of metrics
2023-07-10 20:41:53,518 INFO    HandlerThread:36772 [interfaces.py:finish():202] Joined cpu monitor
2023-07-10 20:41:53,518 INFO    HandlerThread:36772 [interfaces.py:finish():202] Joined disk monitor
2023-07-10 20:41:53,566 INFO    HandlerThread:36772 [interfaces.py:finish():202] Joined gpu monitor
2023-07-10 20:41:53,567 INFO    HandlerThread:36772 [interfaces.py:finish():202] Joined memory monitor
2023-07-10 20:41:53,567 INFO    HandlerThread:36772 [interfaces.py:finish():202] Joined network monitor
2023-07-10 20:41:53,567 DEBUG   SenderThread:36772 [sender.py:send_request():396] send_request: defer
2023-07-10 20:41:53,567 INFO    SenderThread:36772 [sender.py:send_request_defer():598] handle sender defer: 2
2023-07-10 20:41:53,567 INFO    SenderThread:36772 [sender.py:transition_state():602] send defer: 3
2023-07-10 20:41:53,567 DEBUG   SenderThread:36772 [sender.py:send():369] send: stats
2023-07-10 20:41:53,567 DEBUG   HandlerThread:36772 [handler.py:handle_request():144] handle_request: defer
2023-07-10 20:41:53,568 INFO    HandlerThread:36772 [handler.py:handle_request_defer():170] handle defer: 3
2023-07-10 20:41:53,568 DEBUG   SenderThread:36772 [sender.py:send():369] send: history
2023-07-10 20:41:53,568 DEBUG   SenderThread:36772 [sender.py:send_request():396] send_request: summary_record
2023-07-10 20:41:53,568 INFO    SenderThread:36772 [sender.py:_save_file():1354] saving file wandb-summary.json with policy end
2023-07-10 20:41:53,569 DEBUG   SenderThread:36772 [sender.py:send_request():396] send_request: defer
2023-07-10 20:41:53,569 INFO    SenderThread:36772 [sender.py:send_request_defer():598] handle sender defer: 3
2023-07-10 20:41:53,569 INFO    SenderThread:36772 [sender.py:transition_state():602] send defer: 4
2023-07-10 20:41:53,569 DEBUG   HandlerThread:36772 [handler.py:handle_request():144] handle_request: defer
2023-07-10 20:41:53,569 INFO    HandlerThread:36772 [handler.py:handle_request_defer():170] handle defer: 4
2023-07-10 20:41:53,569 DEBUG   SenderThread:36772 [sender.py:send_request():396] send_request: defer
2023-07-10 20:41:53,569 INFO    SenderThread:36772 [sender.py:send_request_defer():598] handle sender defer: 4
2023-07-10 20:41:53,569 INFO    SenderThread:36772 [sender.py:transition_state():602] send defer: 5
2023-07-10 20:41:53,569 DEBUG   HandlerThread:36772 [handler.py:handle_request():144] handle_request: defer
2023-07-10 20:41:53,569 INFO    HandlerThread:36772 [handler.py:handle_request_defer():170] handle defer: 5
2023-07-10 20:41:53,569 DEBUG   SenderThread:36772 [sender.py:send():369] send: summary
2023-07-10 20:41:53,570 INFO    SenderThread:36772 [sender.py:_save_file():1354] saving file wandb-summary.json with policy end
2023-07-10 20:41:53,570 DEBUG   SenderThread:36772 [sender.py:send_request():396] send_request: defer
2023-07-10 20:41:53,570 INFO    SenderThread:36772 [sender.py:send_request_defer():598] handle sender defer: 5
2023-07-10 20:41:53,570 INFO    SenderThread:36772 [sender.py:transition_state():602] send defer: 6
2023-07-10 20:41:53,570 DEBUG   HandlerThread:36772 [handler.py:handle_request():144] handle_request: defer
2023-07-10 20:41:53,570 INFO    HandlerThread:36772 [handler.py:handle_request_defer():170] handle defer: 6
2023-07-10 20:41:53,570 DEBUG   SenderThread:36772 [sender.py:send_request():396] send_request: defer
2023-07-10 20:41:53,570 INFO    SenderThread:36772 [sender.py:send_request_defer():598] handle sender defer: 6
2023-07-10 20:41:53,570 INFO    SenderThread:36772 [sender.py:transition_state():602] send defer: 7
2023-07-10 20:41:53,570 DEBUG   HandlerThread:36772 [handler.py:handle_request():144] handle_request: status_report
2023-07-10 20:41:53,570 DEBUG   HandlerThread:36772 [handler.py:handle_request():144] handle_request: defer
2023-07-10 20:41:53,570 INFO    HandlerThread:36772 [handler.py:handle_request_defer():170] handle defer: 7
2023-07-10 20:41:53,570 DEBUG   SenderThread:36772 [sender.py:send_request():396] send_request: defer
2023-07-10 20:41:53,570 INFO    SenderThread:36772 [sender.py:send_request_defer():598] handle sender defer: 7
2023-07-10 20:41:53,638 INFO    Thread-12 :36772 [dir_watcher.py:_on_file_modified():289] file/dir modified: /home/zhuhe/HPE-with-Diffusion/wandb/run-20230710_203451-oicdg0sb/files/output.log
2023-07-10 20:41:53,638 INFO    Thread-12 :36772 [dir_watcher.py:_on_file_modified():289] file/dir modified: /home/zhuhe/HPE-with-Diffusion/wandb/run-20230710_203451-oicdg0sb/files/wandb-summary.json
2023-07-10 20:41:54,516 DEBUG   HandlerThread:36772 [handler.py:handle_request():144] handle_request: poll_exit
2023-07-10 20:41:55,639 INFO    Thread-12 :36772 [dir_watcher.py:_on_file_modified():289] file/dir modified: /home/zhuhe/HPE-with-Diffusion/wandb/run-20230710_203451-oicdg0sb/files/output.log
2023-07-10 20:41:56,646 INFO    SenderThread:36772 [sender.py:transition_state():602] send defer: 8
2023-07-10 20:41:56,646 DEBUG   SenderThread:36772 [sender.py:send_request():396] send_request: poll_exit
2023-07-10 20:41:56,647 DEBUG   HandlerThread:36772 [handler.py:handle_request():144] handle_request: defer
2023-07-10 20:41:56,647 INFO    HandlerThread:36772 [handler.py:handle_request_defer():170] handle defer: 8
2023-07-10 20:41:56,648 DEBUG   SenderThread:36772 [sender.py:send_request():396] send_request: defer
2023-07-10 20:41:56,648 INFO    SenderThread:36772 [sender.py:send_request_defer():598] handle sender defer: 8
2023-07-10 20:41:56,648 INFO    SenderThread:36772 [job_builder.py:build():232] Attempting to build job artifact
2023-07-10 20:41:56,648 INFO    SenderThread:36772 [job_builder.py:build():266] no source found
2023-07-10 20:41:56,648 INFO    SenderThread:36772 [sender.py:transition_state():602] send defer: 9
2023-07-10 20:41:56,649 DEBUG   HandlerThread:36772 [handler.py:handle_request():144] handle_request: defer
2023-07-10 20:41:56,649 INFO    HandlerThread:36772 [handler.py:handle_request_defer():170] handle defer: 9
2023-07-10 20:41:56,650 DEBUG   SenderThread:36772 [sender.py:send_request():396] send_request: defer
2023-07-10 20:41:56,650 INFO    SenderThread:36772 [sender.py:send_request_defer():598] handle sender defer: 9
2023-07-10 20:41:56,650 INFO    SenderThread:36772 [dir_watcher.py:finish():359] shutting down directory watcher
2023-07-10 20:41:57,640 INFO    Thread-12 :36772 [dir_watcher.py:_on_file_modified():289] file/dir modified: /home/zhuhe/HPE-with-Diffusion/wandb/run-20230710_203451-oicdg0sb/files/output.log
2023-07-10 20:41:57,641 INFO    SenderThread:36772 [dir_watcher.py:finish():389] scan: /home/zhuhe/HPE-with-Diffusion/wandb/run-20230710_203451-oicdg0sb/files
2023-07-10 20:41:57,641 INFO    SenderThread:36772 [dir_watcher.py:finish():403] scan save: /home/zhuhe/HPE-with-Diffusion/wandb/run-20230710_203451-oicdg0sb/files/wandb-metadata.json wandb-metadata.json
2023-07-10 20:41:57,642 INFO    SenderThread:36772 [dir_watcher.py:finish():403] scan save: /home/zhuhe/HPE-with-Diffusion/wandb/run-20230710_203451-oicdg0sb/files/config.yaml config.yaml
2023-07-10 20:41:57,642 INFO    SenderThread:36772 [dir_watcher.py:finish():403] scan save: /home/zhuhe/HPE-with-Diffusion/wandb/run-20230710_203451-oicdg0sb/files/requirements.txt requirements.txt
2023-07-10 20:41:57,642 INFO    SenderThread:36772 [dir_watcher.py:finish():403] scan save: /home/zhuhe/HPE-with-Diffusion/wandb/run-20230710_203451-oicdg0sb/files/wandb-summary.json wandb-summary.json
2023-07-10 20:41:57,642 INFO    SenderThread:36772 [dir_watcher.py:finish():403] scan save: /home/zhuhe/HPE-with-Diffusion/wandb/run-20230710_203451-oicdg0sb/files/conda-environment.yaml conda-environment.yaml
2023-07-10 20:41:57,642 INFO    SenderThread:36772 [dir_watcher.py:finish():403] scan save: /home/zhuhe/HPE-with-Diffusion/wandb/run-20230710_203451-oicdg0sb/files/output.log output.log
2023-07-10 20:41:57,642 INFO    SenderThread:36772 [sender.py:transition_state():602] send defer: 10
2023-07-10 20:41:57,643 DEBUG   HandlerThread:36772 [handler.py:handle_request():144] handle_request: defer
2023-07-10 20:41:57,643 INFO    HandlerThread:36772 [handler.py:handle_request_defer():170] handle defer: 10
2023-07-10 20:41:57,669 DEBUG   SenderThread:36772 [sender.py:send_request():396] send_request: defer
2023-07-10 20:41:57,669 INFO    SenderThread:36772 [sender.py:send_request_defer():598] handle sender defer: 10
2023-07-10 20:41:57,669 INFO    SenderThread:36772 [file_pusher.py:finish():159] shutting down file pusher
2023-07-10 20:41:58,127 ERROR   wandb-upload_0:36772 [internal_api.py:upload_file():2192] upload_file exception https://storage.googleapis.com/wandb-production.appspot.com/ada4321/DiffHPE/oicdg0sb/requirements.txt?Expires=1689079317&GoogleAccessId=gorilla-files-url-signer-man%40wandb-production.iam.gserviceaccount.com&Signature=g7PMKGOevr6r6fB9KY%2BVyHqdw%2BDC6g9%2FYMpdmyyDu1kML3OjxKm8qMjp7GcPZfxpo8VwcQ%2FqY0Xf4YX%2FvI%2Fsa7%2BPIsWEiCkgByT%2FlDyXl%2F5GMCZLbqhQXkmeInhRG7YonNus4ZHPvV16aF%2BhCKO6QnvDEQ%2FFyydsAJTRANbYwI%2FEFEQr%2BgWpfCE0b5PP9awzFH4qOzOulLo4rPpzbmvOE7uR235bxVBK8fYiLIApRdOqa3iyW7hS33eV%2FRbWIRb6JUqwJZZOhkkt00w9636uTWQ6Sim3sKTTSVO8DrdqILGF8nkdG9SlzbL8mfqcdU3lxELTIf3wdYe5dM6LstE5ug%3D%3D: 404 Client Error: Not Found for url: https://storage.googleapis.com/wandb-production.appspot.com/ada4321/DiffHPE/oicdg0sb/requirements.txt?Expires=1689079317&GoogleAccessId=gorilla-files-url-signer-man%40wandb-production.iam.gserviceaccount.com&Signature=g7PMKGOevr6r6fB9KY%2BVyHqdw%2BDC6g9%2FYMpdmyyDu1kML3OjxKm8qMjp7GcPZfxpo8VwcQ%2FqY0Xf4YX%2FvI%2Fsa7%2BPIsWEiCkgByT%2FlDyXl%2F5GMCZLbqhQXkmeInhRG7YonNus4ZHPvV16aF%2BhCKO6QnvDEQ%2FFyydsAJTRANbYwI%2FEFEQr%2BgWpfCE0b5PP9awzFH4qOzOulLo4rPpzbmvOE7uR235bxVBK8fYiLIApRdOqa3iyW7hS33eV%2FRbWIRb6JUqwJZZOhkkt00w9636uTWQ6Sim3sKTTSVO8DrdqILGF8nkdG9SlzbL8mfqcdU3lxELTIf3wdYe5dM6LstE5ug%3D%3D
2023-07-10 20:41:58,128 ERROR   wandb-upload_0:36772 [internal_api.py:upload_file():2194] upload_file request headers: {'User-Agent': 'python-requests/2.31.0', 'Accept-Encoding': 'gzip, deflate', 'Accept': '*/*', 'Connection': 'keep-alive', 'Content-Length': '926'}
2023-07-10 20:41:58,128 ERROR   wandb-upload_0:36772 [internal_api.py:upload_file():2196] upload_file response body: b'<!DOCTYPE html>\n<html lang=en>\n  <meta charset=utf-8>\n  <meta name=viewport content="initial-scale=1, minimum-scale=1, width=device-width">\n  <title>Error 404 (Not Found)!!1</title>\n  <style>\n    *{margin:0;padding:0}html,code{font:15px/22px arial,sans-serif}html{background:#fff;color:#222;padding:15px}body{margin:7% auto 0;max-width:390px;min-height:180px;padding:30px 0 15px}* > body{background:url(//www.google.com/images/errors/robot.png) 100% 5px no-repeat;padding-right:205px}p{margin:11px 0 22px;overflow:hidden}ins{color:#777;text-decoration:none}a img{border:0}@media screen and (max-width:772px){body{background:none;margin-top:0;max-width:none;padding-right:0}}#logo{background:url(//www.google.com/images/branding/googlelogo/1x/googlelogo_color_150x54dp.png) no-repeat;margin-left:-5px}@media only screen and (min-resolution:192dpi){#logo{background:url(//www.google.com/images/branding/googlelogo/2x/googlelogo_color_150x54dp.png) no-repeat 0% 0%/100% 100%;-moz-border-image:url(//www.google.com/images/branding/googlelogo/2x/googlelogo_color_150x54dp.png) 0}}@media only screen and (-webkit-min-device-pixel-ratio:2){#logo{background:url(//www.google.com/images/branding/googlelogo/2x/googlelogo_color_150x54dp.png) no-repeat;-webkit-background-size:100% 100%}}#logo{display:inline-block;height:54px;width:150px}\n  </style>\n  <a href=//www.google.com/><span id=logo aria-label=Google></span></a>\n  <p><b>404.</b> <ins>That\xe2\x80\x99s an error.</ins>\n  <p>The requested URL <code>/wandb-production.appspot.com/ada4321/DiffHPE/oicdg0sb/requirements.txt</code> was not found on this server.  <ins>That\xe2\x80\x99s all we know.</ins>\n'
2023-07-10 20:41:58,144 ERROR   wandb-upload_1:36772 [internal_api.py:upload_file():2192] upload_file exception https://storage.googleapis.com/wandb-production.appspot.com/ada4321/DiffHPE/oicdg0sb/config.yaml?Expires=1689079317&GoogleAccessId=gorilla-files-url-signer-man%40wandb-production.iam.gserviceaccount.com&Signature=cssK18vXa1miFkFiB4c7Ur0Tv8Xl%2BEA1EGMbFz2TPZPy%2Fk5PmeeO6brlxy4FOiuW4fPeblqcnlcOYJv5tGuC2Drdv%2FY0DZPh30n%2Fy3MsqVDKhs8PDLjOVitA%2Bdqcs%2F6E9lxGV1GFqBwmC4FQLKkz03GQtXs%2FG%2BAOhsOLM5awxWu%2FHRmQopBLn1bAeQSol%2FdQRMZ9vrn%2BapIAmeir7Gn1J4w3pG5FBHZz0r1SwWxbOmnPpGfQotOFVzifKPrSfyS5IohfnTs%2BlQQ9GiY3HMhLPC%2FdxHetgWrDtF91lqjl18iWO0yk%2FM%2BwzA5VXMScnfKNyxbdnvsmPXASCZCPcVGj%2BQ%3D%3D: 404 Client Error: Not Found for url: https://storage.googleapis.com/wandb-production.appspot.com/ada4321/DiffHPE/oicdg0sb/config.yaml?Expires=1689079317&GoogleAccessId=gorilla-files-url-signer-man%40wandb-production.iam.gserviceaccount.com&Signature=cssK18vXa1miFkFiB4c7Ur0Tv8Xl%2BEA1EGMbFz2TPZPy%2Fk5PmeeO6brlxy4FOiuW4fPeblqcnlcOYJv5tGuC2Drdv%2FY0DZPh30n%2Fy3MsqVDKhs8PDLjOVitA%2Bdqcs%2F6E9lxGV1GFqBwmC4FQLKkz03GQtXs%2FG%2BAOhsOLM5awxWu%2FHRmQopBLn1bAeQSol%2FdQRMZ9vrn%2BapIAmeir7Gn1J4w3pG5FBHZz0r1SwWxbOmnPpGfQotOFVzifKPrSfyS5IohfnTs%2BlQQ9GiY3HMhLPC%2FdxHetgWrDtF91lqjl18iWO0yk%2FM%2BwzA5VXMScnfKNyxbdnvsmPXASCZCPcVGj%2BQ%3D%3D
2023-07-10 20:41:58,144 ERROR   wandb-upload_1:36772 [internal_api.py:upload_file():2194] upload_file request headers: {'User-Agent': 'python-requests/2.31.0', 'Accept-Encoding': 'gzip, deflate', 'Accept': '*/*', 'Connection': 'keep-alive', 'Content-Length': '525'}
2023-07-10 20:41:58,144 ERROR   wandb-upload_1:36772 [internal_api.py:upload_file():2196] upload_file response body: b'<!DOCTYPE html>\n<html lang=en>\n  <meta charset=utf-8>\n  <meta name=viewport content="initial-scale=1, minimum-scale=1, width=device-width">\n  <title>Error 404 (Not Found)!!1</title>\n  <style>\n    *{margin:0;padding:0}html,code{font:15px/22px arial,sans-serif}html{background:#fff;color:#222;padding:15px}body{margin:7% auto 0;max-width:390px;min-height:180px;padding:30px 0 15px}* > body{background:url(//www.google.com/images/errors/robot.png) 100% 5px no-repeat;padding-right:205px}p{margin:11px 0 22px;overflow:hidden}ins{color:#777;text-decoration:none}a img{border:0}@media screen and (max-width:772px){body{background:none;margin-top:0;max-width:none;padding-right:0}}#logo{background:url(//www.google.com/images/branding/googlelogo/1x/googlelogo_color_150x54dp.png) no-repeat;margin-left:-5px}@media only screen and (min-resolution:192dpi){#logo{background:url(//www.google.com/images/branding/googlelogo/2x/googlelogo_color_150x54dp.png) no-repeat 0% 0%/100% 100%;-moz-border-image:url(//www.google.com/images/branding/googlelogo/2x/googlelogo_color_150x54dp.png) 0}}@media only screen and (-webkit-min-device-pixel-ratio:2){#logo{background:url(//www.google.com/images/branding/googlelogo/2x/googlelogo_color_150x54dp.png) no-repeat;-webkit-background-size:100% 100%}}#logo{display:inline-block;height:54px;width:150px}\n  </style>\n  <a href=//www.google.com/><span id=logo aria-label=Google></span></a>\n  <p><b>404.</b> <ins>That\xe2\x80\x99s an error.</ins>\n  <p>The requested URL <code>/wandb-production.appspot.com/ada4321/DiffHPE/oicdg0sb/config.yaml</code> was not found on this server.  <ins>That\xe2\x80\x99s all we know.</ins>\n'
2023-07-10 20:41:59,371 ERROR   wandb-upload_3:36772 [internal_api.py:upload_file():2192] upload_file exception https://storage.googleapis.com/wandb-production.appspot.com/ada4321/DiffHPE/oicdg0sb/conda-environment.yaml?Expires=1689079319&GoogleAccessId=gorilla-files-url-signer-man%40wandb-production.iam.gserviceaccount.com&Signature=fi39%2B85bkhb1D2fUjyPFP8FeK%2BusKFWLfqhjFINs7GcTv3zvGlKPko%2Flp1NUeeVmDcyAExyg3AV9ykNzLiJYOyhTxqpigrPwZNgiwKVILKtzKocjSoRtyN5PHbEm92p8D99Uiq%2BDXYwTQBWvFpZORf1ysQ6CJtWmIBnCXX2W31v4vXwjKWzFPWmt1uOiZPfsGLC9XZAnR%2BNbd1R9J0zQFySh7MbjRcGATbNm76l20WScTVNHR5AguDmyi8fzT%2FmFgoHIBz1djxhic0QMdjiEu%2Fss0LpZFzqUBm7w8cM662csB6BsdpNfWrZ4i%2BlqBEgEc0gxLDhWKZ5294SmqPuwxQ%3D%3D: 404 Client Error: Not Found for url: https://storage.googleapis.com/wandb-production.appspot.com/ada4321/DiffHPE/oicdg0sb/conda-environment.yaml?Expires=1689079319&GoogleAccessId=gorilla-files-url-signer-man%40wandb-production.iam.gserviceaccount.com&Signature=fi39%2B85bkhb1D2fUjyPFP8FeK%2BusKFWLfqhjFINs7GcTv3zvGlKPko%2Flp1NUeeVmDcyAExyg3AV9ykNzLiJYOyhTxqpigrPwZNgiwKVILKtzKocjSoRtyN5PHbEm92p8D99Uiq%2BDXYwTQBWvFpZORf1ysQ6CJtWmIBnCXX2W31v4vXwjKWzFPWmt1uOiZPfsGLC9XZAnR%2BNbd1R9J0zQFySh7MbjRcGATbNm76l20WScTVNHR5AguDmyi8fzT%2FmFgoHIBz1djxhic0QMdjiEu%2Fss0LpZFzqUBm7w8cM662csB6BsdpNfWrZ4i%2BlqBEgEc0gxLDhWKZ5294SmqPuwxQ%3D%3D
2023-07-10 20:41:59,372 ERROR   wandb-upload_3:36772 [internal_api.py:upload_file():2194] upload_file request headers: {'User-Agent': 'python-requests/2.31.0', 'Accept-Encoding': 'gzip, deflate', 'Accept': '*/*', 'Connection': 'keep-alive', 'Content-Length': '1925'}
2023-07-10 20:41:59,372 ERROR   wandb-upload_3:36772 [internal_api.py:upload_file():2196] upload_file response body: b'<!DOCTYPE html>\n<html lang=en>\n  <meta charset=utf-8>\n  <meta name=viewport content="initial-scale=1, minimum-scale=1, width=device-width">\n  <title>Error 404 (Not Found)!!1</title>\n  <style>\n    *{margin:0;padding:0}html,code{font:15px/22px arial,sans-serif}html{background:#fff;color:#222;padding:15px}body{margin:7% auto 0;max-width:390px;min-height:180px;padding:30px 0 15px}* > body{background:url(//www.google.com/images/errors/robot.png) 100% 5px no-repeat;padding-right:205px}p{margin:11px 0 22px;overflow:hidden}ins{color:#777;text-decoration:none}a img{border:0}@media screen and (max-width:772px){body{background:none;margin-top:0;max-width:none;padding-right:0}}#logo{background:url(//www.google.com/images/branding/googlelogo/1x/googlelogo_color_150x54dp.png) no-repeat;margin-left:-5px}@media only screen and (min-resolution:192dpi){#logo{background:url(//www.google.com/images/branding/googlelogo/2x/googlelogo_color_150x54dp.png) no-repeat 0% 0%/100% 100%;-moz-border-image:url(//www.google.com/images/branding/googlelogo/2x/googlelogo_color_150x54dp.png) 0}}@media only screen and (-webkit-min-device-pixel-ratio:2){#logo{background:url(//www.google.com/images/branding/googlelogo/2x/googlelogo_color_150x54dp.png) no-repeat;-webkit-background-size:100% 100%}}#logo{display:inline-block;height:54px;width:150px}\n  </style>\n  <a href=//www.google.com/><span id=logo aria-label=Google></span></a>\n  <p><b>404.</b> <ins>That\xe2\x80\x99s an error.</ins>\n  <p>The requested URL <code>/wandb-production.appspot.com/ada4321/DiffHPE/oicdg0sb/conda-environment.yaml</code> was not found on this server.  <ins>That\xe2\x80\x99s all we know.</ins>\n'
2023-07-10 20:41:59,385 ERROR   wandb-upload_2:36772 [internal_api.py:upload_file():2192] upload_file exception https://storage.googleapis.com/wandb-production.appspot.com/ada4321/DiffHPE/oicdg0sb/wandb-summary.json?Expires=1689079319&GoogleAccessId=gorilla-files-url-signer-man%40wandb-production.iam.gserviceaccount.com&Signature=gxvru2%2BsFx9lYD1sqndyyJtSRiX%2BrFXgT%2B4%2BzcdY%2FIQ%2BVpCD612lCSVSCDeYxhNjt3kFDQ28V%2FGDYqznMq5eP6xrbSjHstA4kWD%2Fik7ZObl%2BZqPQp2amnOTfhWT3J925vGoUrm%2FO0MRNJfIAV3NBUJaDEGcR%2Fg%2BHw%2BDvTQ2qeOV3Vzv0M85OpvAu%2BDirCU6HliTpZYl4iN9eyLagzP2a3MysQfiR4WKwCy1p%2BSuP4mW3mLNwNNmWhpRa1dqvXfDh%2Be6RujILHamfDH%2BrnVxWPO0Kt51BOT4wfIiNusgf9zzfJVA6lYdWw%2FSADVWfWfc77SqduZvAsWH9LQEap6hGVg%3D%3D: 404 Client Error: Not Found for url: https://storage.googleapis.com/wandb-production.appspot.com/ada4321/DiffHPE/oicdg0sb/wandb-summary.json?Expires=1689079319&GoogleAccessId=gorilla-files-url-signer-man%40wandb-production.iam.gserviceaccount.com&Signature=gxvru2%2BsFx9lYD1sqndyyJtSRiX%2BrFXgT%2B4%2BzcdY%2FIQ%2BVpCD612lCSVSCDeYxhNjt3kFDQ28V%2FGDYqznMq5eP6xrbSjHstA4kWD%2Fik7ZObl%2BZqPQp2amnOTfhWT3J925vGoUrm%2FO0MRNJfIAV3NBUJaDEGcR%2Fg%2BHw%2BDvTQ2qeOV3Vzv0M85OpvAu%2BDirCU6HliTpZYl4iN9eyLagzP2a3MysQfiR4WKwCy1p%2BSuP4mW3mLNwNNmWhpRa1dqvXfDh%2Be6RujILHamfDH%2BrnVxWPO0Kt51BOT4wfIiNusgf9zzfJVA6lYdWw%2FSADVWfWfc77SqduZvAsWH9LQEap6hGVg%3D%3D
2023-07-10 20:41:59,385 ERROR   wandb-upload_2:36772 [internal_api.py:upload_file():2194] upload_file request headers: {'User-Agent': 'python-requests/2.31.0', 'Accept-Encoding': 'gzip, deflate', 'Accept': '*/*', 'Connection': 'keep-alive', 'Content-Length': '164'}
2023-07-10 20:41:59,385 ERROR   wandb-upload_2:36772 [internal_api.py:upload_file():2196] upload_file response body: b'<!DOCTYPE html>\n<html lang=en>\n  <meta charset=utf-8>\n  <meta name=viewport content="initial-scale=1, minimum-scale=1, width=device-width">\n  <title>Error 404 (Not Found)!!1</title>\n  <style>\n    *{margin:0;padding:0}html,code{font:15px/22px arial,sans-serif}html{background:#fff;color:#222;padding:15px}body{margin:7% auto 0;max-width:390px;min-height:180px;padding:30px 0 15px}* > body{background:url(//www.google.com/images/errors/robot.png) 100% 5px no-repeat;padding-right:205px}p{margin:11px 0 22px;overflow:hidden}ins{color:#777;text-decoration:none}a img{border:0}@media screen and (max-width:772px){body{background:none;margin-top:0;max-width:none;padding-right:0}}#logo{background:url(//www.google.com/images/branding/googlelogo/1x/googlelogo_color_150x54dp.png) no-repeat;margin-left:-5px}@media only screen and (min-resolution:192dpi){#logo{background:url(//www.google.com/images/branding/googlelogo/2x/googlelogo_color_150x54dp.png) no-repeat 0% 0%/100% 100%;-moz-border-image:url(//www.google.com/images/branding/googlelogo/2x/googlelogo_color_150x54dp.png) 0}}@media only screen and (-webkit-min-device-pixel-ratio:2){#logo{background:url(//www.google.com/images/branding/googlelogo/2x/googlelogo_color_150x54dp.png) no-repeat;-webkit-background-size:100% 100%}}#logo{display:inline-block;height:54px;width:150px}\n  </style>\n  <a href=//www.google.com/><span id=logo aria-label=Google></span></a>\n  <p><b>404.</b> <ins>That\xe2\x80\x99s an error.</ins>\n  <p>The requested URL <code>/wandb-production.appspot.com/ada4321/DiffHPE/oicdg0sb/wandb-summary.json</code> was not found on this server.  <ins>That\xe2\x80\x99s all we know.</ins>\n'
2023-07-10 20:41:59,388 ERROR   wandb-upload_4:36772 [internal_api.py:upload_file():2192] upload_file exception https://storage.googleapis.com/wandb-production.appspot.com/ada4321/DiffHPE/oicdg0sb/output.log?Expires=1689079319&GoogleAccessId=gorilla-files-url-signer-man%40wandb-production.iam.gserviceaccount.com&Signature=L4fV1cIFh%2Fjqw2LdQ8WpP026XjP4pqApOELBSiN6YODaFIFawFYw0mIMhfd7fEJH2BEnWJyyEsCET3FhX%2Bi5Bz9VWbXVoqr2XDcs0hygkC7iz0seVAA77hHdA1kIBHvdaXCz9zYB6IhVyPWJueXgDORQRC85PmI1ODHeGwhaA%2Bc12AtqFz%2BicFQg8QGABeR5wbI6FI72n8b3%2Bzg3OWBRztsrd4ykQzyHslb9JzCR4DTJXC5oDvpyKk6dhI1Fm1kyDYdxviSj21yuFv%2B2q3aJkMz08DMBV%2BGc2mnXq%2FAXMB0n1%2FDzhe83Bwxot9JRod4TIK0uFQ%2BkffVOcgUIZUC19g%3D%3D: 404 Client Error: Not Found for url: https://storage.googleapis.com/wandb-production.appspot.com/ada4321/DiffHPE/oicdg0sb/output.log?Expires=1689079319&GoogleAccessId=gorilla-files-url-signer-man%40wandb-production.iam.gserviceaccount.com&Signature=L4fV1cIFh%2Fjqw2LdQ8WpP026XjP4pqApOELBSiN6YODaFIFawFYw0mIMhfd7fEJH2BEnWJyyEsCET3FhX%2Bi5Bz9VWbXVoqr2XDcs0hygkC7iz0seVAA77hHdA1kIBHvdaXCz9zYB6IhVyPWJueXgDORQRC85PmI1ODHeGwhaA%2Bc12AtqFz%2BicFQg8QGABeR5wbI6FI72n8b3%2Bzg3OWBRztsrd4ykQzyHslb9JzCR4DTJXC5oDvpyKk6dhI1Fm1kyDYdxviSj21yuFv%2B2q3aJkMz08DMBV%2BGc2mnXq%2FAXMB0n1%2FDzhe83Bwxot9JRod4TIK0uFQ%2BkffVOcgUIZUC19g%3D%3D
2023-07-10 20:41:59,388 ERROR   wandb-upload_4:36772 [internal_api.py:upload_file():2194] upload_file request headers: {'User-Agent': 'python-requests/2.31.0', 'Accept-Encoding': 'gzip, deflate', 'Accept': '*/*', 'Connection': 'keep-alive', 'Content-Length': '27262'}
2023-07-10 20:41:59,389 ERROR   wandb-upload_4:36772 [internal_api.py:upload_file():2196] upload_file response body: b'<!DOCTYPE html>\n<html lang=en>\n  <meta charset=utf-8>\n  <meta name=viewport content="initial-scale=1, minimum-scale=1, width=device-width">\n  <title>Error 404 (Not Found)!!1</title>\n  <style>\n    *{margin:0;padding:0}html,code{font:15px/22px arial,sans-serif}html{background:#fff;color:#222;padding:15px}body{margin:7% auto 0;max-width:390px;min-height:180px;padding:30px 0 15px}* > body{background:url(//www.google.com/images/errors/robot.png) 100% 5px no-repeat;padding-right:205px}p{margin:11px 0 22px;overflow:hidden}ins{color:#777;text-decoration:none}a img{border:0}@media screen and (max-width:772px){body{background:none;margin-top:0;max-width:none;padding-right:0}}#logo{background:url(//www.google.com/images/branding/googlelogo/1x/googlelogo_color_150x54dp.png) no-repeat;margin-left:-5px}@media only screen and (min-resolution:192dpi){#logo{background:url(//www.google.com/images/branding/googlelogo/2x/googlelogo_color_150x54dp.png) no-repeat 0% 0%/100% 100%;-moz-border-image:url(//www.google.com/images/branding/googlelogo/2x/googlelogo_color_150x54dp.png) 0}}@media only screen and (-webkit-min-device-pixel-ratio:2){#logo{background:url(//www.google.com/images/branding/googlelogo/2x/googlelogo_color_150x54dp.png) no-repeat;-webkit-background-size:100% 100%}}#logo{display:inline-block;height:54px;width:150px}\n  </style>\n  <a href=//www.google.com/><span id=logo aria-label=Google></span></a>\n  <p><b>404.</b> <ins>That\xe2\x80\x99s an error.</ins>\n  <p>The requested URL <code>/wandb-production.appspot.com/ada4321/DiffHPE/oicdg0sb/output.log</code> was not found on this server.  <ins>That\xe2\x80\x99s all we know.</ins>\n'
2023-07-10 20:41:59,518 DEBUG   HandlerThread:36772 [handler.py:handle_request():144] handle_request: keepalive
2023-07-10 20:42:00,132 ERROR   wandb-upload_0:36772 [upload_job.py:push():136] Failed to upload file: /home/zhuhe/HPE-with-Diffusion/wandb/run-20230710_203451-oicdg0sb/files/requirements.txt
Traceback (most recent call last):
  File "/home/zhuhe/.conda/envs/diffhpe/lib/python3.9/site-packages/wandb/apis/normalize.py", line 41, in wrapper
    return func(*args, **kwargs)
  File "/home/zhuhe/.conda/envs/diffhpe/lib/python3.9/site-packages/wandb/sdk/lib/retry.py", line 212, in wrapped_fn
    return retrier(*args, **kargs)
  File "/home/zhuhe/.conda/envs/diffhpe/lib/python3.9/site-packages/wandb/sdk/lib/retry.py", line 131, in __call__
    result = self._call_fn(*args, **kwargs)
  File "/home/zhuhe/.conda/envs/diffhpe/lib/python3.9/site-packages/wandb/sdk/internal/internal_api.py", line 2218, in upload_file
    wandb._sentry.reraise(e)
  File "/home/zhuhe/.conda/envs/diffhpe/lib/python3.9/site-packages/wandb/analytics/sentry.py", line 146, in reraise
    raise exc.with_traceback(sys.exc_info()[2])
  File "/home/zhuhe/.conda/envs/diffhpe/lib/python3.9/site-packages/wandb/sdk/internal/internal_api.py", line 2190, in upload_file
    response.raise_for_status()
  File "/home/zhuhe/.conda/envs/diffhpe/lib/python3.9/site-packages/requests/models.py", line 1021, in raise_for_status
    raise HTTPError(http_error_msg, response=self)
requests.exceptions.HTTPError: 404 Client Error: Not Found for url: https://storage.googleapis.com/wandb-production.appspot.com/ada4321/DiffHPE/oicdg0sb/requirements.txt?Expires=1689079317&GoogleAccessId=gorilla-files-url-signer-man%40wandb-production.iam.gserviceaccount.com&Signature=g7PMKGOevr6r6fB9KY%2BVyHqdw%2BDC6g9%2FYMpdmyyDu1kML3OjxKm8qMjp7GcPZfxpo8VwcQ%2FqY0Xf4YX%2FvI%2Fsa7%2BPIsWEiCkgByT%2FlDyXl%2F5GMCZLbqhQXkmeInhRG7YonNus4ZHPvV16aF%2BhCKO6QnvDEQ%2FFyydsAJTRANbYwI%2FEFEQr%2BgWpfCE0b5PP9awzFH4qOzOulLo4rPpzbmvOE7uR235bxVBK8fYiLIApRdOqa3iyW7hS33eV%2FRbWIRb6JUqwJZZOhkkt00w9636uTWQ6Sim3sKTTSVO8DrdqILGF8nkdG9SlzbL8mfqcdU3lxELTIf3wdYe5dM6LstE5ug%3D%3D

During handling of the above exception, another exception occurred:

Traceback (most recent call last):
  File "/home/zhuhe/.conda/envs/diffhpe/lib/python3.9/site-packages/wandb/filesync/upload_job.py", line 127, in push
    self._api.upload_file_retry(
  File "/home/zhuhe/.conda/envs/diffhpe/lib/python3.9/site-packages/wandb/apis/normalize.py", line 51, in wrapper
    raise CommError(message, error)
wandb.errors.CommError: <Response [404]>
2023-07-10 20:42:01,670 DEBUG   HandlerThread:36772 [handler.py:handle_request():144] handle_request: status_report
2023-07-10 20:42:02,134 ERROR   wandb-upload_1:36772 [upload_job.py:push():136] Failed to upload file: /home/zhuhe/HPE-with-Diffusion/wandb/run-20230710_203451-oicdg0sb/files/config.yaml
Traceback (most recent call last):
  File "/home/zhuhe/.conda/envs/diffhpe/lib/python3.9/site-packages/wandb/apis/normalize.py", line 41, in wrapper
    return func(*args, **kwargs)
  File "/home/zhuhe/.conda/envs/diffhpe/lib/python3.9/site-packages/wandb/sdk/lib/retry.py", line 212, in wrapped_fn
    return retrier(*args, **kargs)
  File "/home/zhuhe/.conda/envs/diffhpe/lib/python3.9/site-packages/wandb/sdk/lib/retry.py", line 131, in __call__
    result = self._call_fn(*args, **kwargs)
  File "/home/zhuhe/.conda/envs/diffhpe/lib/python3.9/site-packages/wandb/sdk/internal/internal_api.py", line 2218, in upload_file
    wandb._sentry.reraise(e)
  File "/home/zhuhe/.conda/envs/diffhpe/lib/python3.9/site-packages/wandb/analytics/sentry.py", line 146, in reraise
    raise exc.with_traceback(sys.exc_info()[2])
  File "/home/zhuhe/.conda/envs/diffhpe/lib/python3.9/site-packages/wandb/sdk/internal/internal_api.py", line 2190, in upload_file
    response.raise_for_status()
  File "/home/zhuhe/.conda/envs/diffhpe/lib/python3.9/site-packages/requests/models.py", line 1021, in raise_for_status
    raise HTTPError(http_error_msg, response=self)
requests.exceptions.HTTPError: 404 Client Error: Not Found for url: https://storage.googleapis.com/wandb-production.appspot.com/ada4321/DiffHPE/oicdg0sb/config.yaml?Expires=1689079317&GoogleAccessId=gorilla-files-url-signer-man%40wandb-production.iam.gserviceaccount.com&Signature=cssK18vXa1miFkFiB4c7Ur0Tv8Xl%2BEA1EGMbFz2TPZPy%2Fk5PmeeO6brlxy4FOiuW4fPeblqcnlcOYJv5tGuC2Drdv%2FY0DZPh30n%2Fy3MsqVDKhs8PDLjOVitA%2Bdqcs%2F6E9lxGV1GFqBwmC4FQLKkz03GQtXs%2FG%2BAOhsOLM5awxWu%2FHRmQopBLn1bAeQSol%2FdQRMZ9vrn%2BapIAmeir7Gn1J4w3pG5FBHZz0r1SwWxbOmnPpGfQotOFVzifKPrSfyS5IohfnTs%2BlQQ9GiY3HMhLPC%2FdxHetgWrDtF91lqjl18iWO0yk%2FM%2BwzA5VXMScnfKNyxbdnvsmPXASCZCPcVGj%2BQ%3D%3D

During handling of the above exception, another exception occurred:

Traceback (most recent call last):
  File "/home/zhuhe/.conda/envs/diffhpe/lib/python3.9/site-packages/wandb/filesync/upload_job.py", line 127, in push
    self._api.upload_file_retry(
  File "/home/zhuhe/.conda/envs/diffhpe/lib/python3.9/site-packages/wandb/apis/normalize.py", line 51, in wrapper
    raise CommError(message, error)
wandb.errors.CommError: <Response [404]>
2023-07-10 20:42:04,137 ERROR   wandb-upload_3:36772 [upload_job.py:push():136] Failed to upload file: /home/zhuhe/HPE-with-Diffusion/wandb/run-20230710_203451-oicdg0sb/files/conda-environment.yaml
Traceback (most recent call last):
  File "/home/zhuhe/.conda/envs/diffhpe/lib/python3.9/site-packages/wandb/apis/normalize.py", line 41, in wrapper
    return func(*args, **kwargs)
  File "/home/zhuhe/.conda/envs/diffhpe/lib/python3.9/site-packages/wandb/sdk/lib/retry.py", line 212, in wrapped_fn
    return retrier(*args, **kargs)
  File "/home/zhuhe/.conda/envs/diffhpe/lib/python3.9/site-packages/wandb/sdk/lib/retry.py", line 131, in __call__
    result = self._call_fn(*args, **kwargs)
  File "/home/zhuhe/.conda/envs/diffhpe/lib/python3.9/site-packages/wandb/sdk/internal/internal_api.py", line 2218, in upload_file
    wandb._sentry.reraise(e)
  File "/home/zhuhe/.conda/envs/diffhpe/lib/python3.9/site-packages/wandb/analytics/sentry.py", line 146, in reraise
    raise exc.with_traceback(sys.exc_info()[2])
  File "/home/zhuhe/.conda/envs/diffhpe/lib/python3.9/site-packages/wandb/sdk/internal/internal_api.py", line 2190, in upload_file
    response.raise_for_status()
  File "/home/zhuhe/.conda/envs/diffhpe/lib/python3.9/site-packages/requests/models.py", line 1021, in raise_for_status
    raise HTTPError(http_error_msg, response=self)
requests.exceptions.HTTPError: 404 Client Error: Not Found for url: https://storage.googleapis.com/wandb-production.appspot.com/ada4321/DiffHPE/oicdg0sb/conda-environment.yaml?Expires=1689079319&GoogleAccessId=gorilla-files-url-signer-man%40wandb-production.iam.gserviceaccount.com&Signature=fi39%2B85bkhb1D2fUjyPFP8FeK%2BusKFWLfqhjFINs7GcTv3zvGlKPko%2Flp1NUeeVmDcyAExyg3AV9ykNzLiJYOyhTxqpigrPwZNgiwKVILKtzKocjSoRtyN5PHbEm92p8D99Uiq%2BDXYwTQBWvFpZORf1ysQ6CJtWmIBnCXX2W31v4vXwjKWzFPWmt1uOiZPfsGLC9XZAnR%2BNbd1R9J0zQFySh7MbjRcGATbNm76l20WScTVNHR5AguDmyi8fzT%2FmFgoHIBz1djxhic0QMdjiEu%2Fss0LpZFzqUBm7w8cM662csB6BsdpNfWrZ4i%2BlqBEgEc0gxLDhWKZ5294SmqPuwxQ%3D%3D

During handling of the above exception, another exception occurred:

Traceback (most recent call last):
  File "/home/zhuhe/.conda/envs/diffhpe/lib/python3.9/site-packages/wandb/filesync/upload_job.py", line 127, in push
    self._api.upload_file_retry(
  File "/home/zhuhe/.conda/envs/diffhpe/lib/python3.9/site-packages/wandb/apis/normalize.py", line 51, in wrapper
    raise CommError(message, error)
wandb.errors.CommError: <Response [404]>
2023-07-10 20:42:04,521 DEBUG   HandlerThread:36772 [handler.py:handle_request():144] handle_request: keepalive
2023-07-10 20:42:06,141 ERROR   wandb-upload_4:36772 [upload_job.py:push():136] Failed to upload file: /home/zhuhe/HPE-with-Diffusion/wandb/run-20230710_203451-oicdg0sb/files/output.log
Traceback (most recent call last):
  File "/home/zhuhe/.conda/envs/diffhpe/lib/python3.9/site-packages/wandb/apis/normalize.py", line 41, in wrapper
    return func(*args, **kwargs)
  File "/home/zhuhe/.conda/envs/diffhpe/lib/python3.9/site-packages/wandb/sdk/lib/retry.py", line 212, in wrapped_fn
    return retrier(*args, **kargs)
  File "/home/zhuhe/.conda/envs/diffhpe/lib/python3.9/site-packages/wandb/sdk/lib/retry.py", line 131, in __call__
    result = self._call_fn(*args, **kwargs)
  File "/home/zhuhe/.conda/envs/diffhpe/lib/python3.9/site-packages/wandb/sdk/internal/internal_api.py", line 2218, in upload_file
    wandb._sentry.reraise(e)
  File "/home/zhuhe/.conda/envs/diffhpe/lib/python3.9/site-packages/wandb/analytics/sentry.py", line 146, in reraise
    raise exc.with_traceback(sys.exc_info()[2])
  File "/home/zhuhe/.conda/envs/diffhpe/lib/python3.9/site-packages/wandb/sdk/internal/internal_api.py", line 2190, in upload_file
    response.raise_for_status()
  File "/home/zhuhe/.conda/envs/diffhpe/lib/python3.9/site-packages/requests/models.py", line 1021, in raise_for_status
    raise HTTPError(http_error_msg, response=self)
requests.exceptions.HTTPError: 404 Client Error: Not Found for url: https://storage.googleapis.com/wandb-production.appspot.com/ada4321/DiffHPE/oicdg0sb/output.log?Expires=1689079319&GoogleAccessId=gorilla-files-url-signer-man%40wandb-production.iam.gserviceaccount.com&Signature=L4fV1cIFh%2Fjqw2LdQ8WpP026XjP4pqApOELBSiN6YODaFIFawFYw0mIMhfd7fEJH2BEnWJyyEsCET3FhX%2Bi5Bz9VWbXVoqr2XDcs0hygkC7iz0seVAA77hHdA1kIBHvdaXCz9zYB6IhVyPWJueXgDORQRC85PmI1ODHeGwhaA%2Bc12AtqFz%2BicFQg8QGABeR5wbI6FI72n8b3%2Bzg3OWBRztsrd4ykQzyHslb9JzCR4DTJXC5oDvpyKk6dhI1Fm1kyDYdxviSj21yuFv%2B2q3aJkMz08DMBV%2BGc2mnXq%2FAXMB0n1%2FDzhe83Bwxot9JRod4TIK0uFQ%2BkffVOcgUIZUC19g%3D%3D

During handling of the above exception, another exception occurred:

Traceback (most recent call last):
  File "/home/zhuhe/.conda/envs/diffhpe/lib/python3.9/site-packages/wandb/filesync/upload_job.py", line 127, in push
    self._api.upload_file_retry(
  File "/home/zhuhe/.conda/envs/diffhpe/lib/python3.9/site-packages/wandb/apis/normalize.py", line 51, in wrapper
    raise CommError(message, error)
wandb.errors.CommError: <Response [404]>
2023-07-10 20:42:06,672 DEBUG   HandlerThread:36772 [handler.py:handle_request():144] handle_request: status_report
2023-07-10 20:42:08,142 ERROR   wandb-upload_2:36772 [upload_job.py:push():136] Failed to upload file: /home/zhuhe/HPE-with-Diffusion/wandb/run-20230710_203451-oicdg0sb/files/wandb-summary.json
Traceback (most recent call last):
  File "/home/zhuhe/.conda/envs/diffhpe/lib/python3.9/site-packages/wandb/apis/normalize.py", line 41, in wrapper
    return func(*args, **kwargs)
  File "/home/zhuhe/.conda/envs/diffhpe/lib/python3.9/site-packages/wandb/sdk/lib/retry.py", line 212, in wrapped_fn
    return retrier(*args, **kargs)
  File "/home/zhuhe/.conda/envs/diffhpe/lib/python3.9/site-packages/wandb/sdk/lib/retry.py", line 131, in __call__
    result = self._call_fn(*args, **kwargs)
  File "/home/zhuhe/.conda/envs/diffhpe/lib/python3.9/site-packages/wandb/sdk/internal/internal_api.py", line 2218, in upload_file
    wandb._sentry.reraise(e)
  File "/home/zhuhe/.conda/envs/diffhpe/lib/python3.9/site-packages/wandb/analytics/sentry.py", line 146, in reraise
    raise exc.with_traceback(sys.exc_info()[2])
  File "/home/zhuhe/.conda/envs/diffhpe/lib/python3.9/site-packages/wandb/sdk/internal/internal_api.py", line 2190, in upload_file
    response.raise_for_status()
  File "/home/zhuhe/.conda/envs/diffhpe/lib/python3.9/site-packages/requests/models.py", line 1021, in raise_for_status
    raise HTTPError(http_error_msg, response=self)
requests.exceptions.HTTPError: 404 Client Error: Not Found for url: https://storage.googleapis.com/wandb-production.appspot.com/ada4321/DiffHPE/oicdg0sb/wandb-summary.json?Expires=1689079319&GoogleAccessId=gorilla-files-url-signer-man%40wandb-production.iam.gserviceaccount.com&Signature=gxvru2%2BsFx9lYD1sqndyyJtSRiX%2BrFXgT%2B4%2BzcdY%2FIQ%2BVpCD612lCSVSCDeYxhNjt3kFDQ28V%2FGDYqznMq5eP6xrbSjHstA4kWD%2Fik7ZObl%2BZqPQp2amnOTfhWT3J925vGoUrm%2FO0MRNJfIAV3NBUJaDEGcR%2Fg%2BHw%2BDvTQ2qeOV3Vzv0M85OpvAu%2BDirCU6HliTpZYl4iN9eyLagzP2a3MysQfiR4WKwCy1p%2BSuP4mW3mLNwNNmWhpRa1dqvXfDh%2Be6RujILHamfDH%2BrnVxWPO0Kt51BOT4wfIiNusgf9zzfJVA6lYdWw%2FSADVWfWfc77SqduZvAsWH9LQEap6hGVg%3D%3D

During handling of the above exception, another exception occurred:

Traceback (most recent call last):
  File "/home/zhuhe/.conda/envs/diffhpe/lib/python3.9/site-packages/wandb/filesync/upload_job.py", line 127, in push
    self._api.upload_file_retry(
  File "/home/zhuhe/.conda/envs/diffhpe/lib/python3.9/site-packages/wandb/apis/normalize.py", line 51, in wrapper
    raise CommError(message, error)
wandb.errors.CommError: <Response [404]>
2023-07-10 20:42:09,523 DEBUG   HandlerThread:36772 [handler.py:handle_request():144] handle_request: keepalive
2023-07-10 20:42:10,144 ERROR   Thread-11 :36772 [step_upload.py:_handle_event():200] Failed to upload file: /home/zhuhe/HPE-with-Diffusion/wandb/run-20230710_203451-oicdg0sb/files/requirements.txt
Traceback (most recent call last):
  File "/home/zhuhe/.conda/envs/diffhpe/lib/python3.9/site-packages/wandb/apis/normalize.py", line 41, in wrapper
    return func(*args, **kwargs)
  File "/home/zhuhe/.conda/envs/diffhpe/lib/python3.9/site-packages/wandb/sdk/lib/retry.py", line 212, in wrapped_fn
    return retrier(*args, **kargs)
  File "/home/zhuhe/.conda/envs/diffhpe/lib/python3.9/site-packages/wandb/sdk/lib/retry.py", line 131, in __call__
    result = self._call_fn(*args, **kwargs)
  File "/home/zhuhe/.conda/envs/diffhpe/lib/python3.9/site-packages/wandb/sdk/internal/internal_api.py", line 2218, in upload_file
    wandb._sentry.reraise(e)
  File "/home/zhuhe/.conda/envs/diffhpe/lib/python3.9/site-packages/wandb/analytics/sentry.py", line 146, in reraise
    raise exc.with_traceback(sys.exc_info()[2])
  File "/home/zhuhe/.conda/envs/diffhpe/lib/python3.9/site-packages/wandb/sdk/internal/internal_api.py", line 2190, in upload_file
    response.raise_for_status()
  File "/home/zhuhe/.conda/envs/diffhpe/lib/python3.9/site-packages/requests/models.py", line 1021, in raise_for_status
    raise HTTPError(http_error_msg, response=self)
requests.exceptions.HTTPError: 404 Client Error: Not Found for url: https://storage.googleapis.com/wandb-production.appspot.com/ada4321/DiffHPE/oicdg0sb/requirements.txt?Expires=1689079317&GoogleAccessId=gorilla-files-url-signer-man%40wandb-production.iam.gserviceaccount.com&Signature=g7PMKGOevr6r6fB9KY%2BVyHqdw%2BDC6g9%2FYMpdmyyDu1kML3OjxKm8qMjp7GcPZfxpo8VwcQ%2FqY0Xf4YX%2FvI%2Fsa7%2BPIsWEiCkgByT%2FlDyXl%2F5GMCZLbqhQXkmeInhRG7YonNus4ZHPvV16aF%2BhCKO6QnvDEQ%2FFyydsAJTRANbYwI%2FEFEQr%2BgWpfCE0b5PP9awzFH4qOzOulLo4rPpzbmvOE7uR235bxVBK8fYiLIApRdOqa3iyW7hS33eV%2FRbWIRb6JUqwJZZOhkkt00w9636uTWQ6Sim3sKTTSVO8DrdqILGF8nkdG9SlzbL8mfqcdU3lxELTIf3wdYe5dM6LstE5ug%3D%3D

During handling of the above exception, another exception occurred:

Traceback (most recent call last):
  File "/home/zhuhe/.conda/envs/diffhpe/lib/python3.9/concurrent/futures/thread.py", line 58, in run
    result = self.fn(*self.args, **self.kwargs)
  File "/home/zhuhe/.conda/envs/diffhpe/lib/python3.9/site-packages/wandb/filesync/step_upload.py", line 288, in run_and_notify
    self._do_upload_sync(event)
  File "/home/zhuhe/.conda/envs/diffhpe/lib/python3.9/site-packages/wandb/filesync/step_upload.py", line 330, in _do_upload_sync
    job.run()
  File "/home/zhuhe/.conda/envs/diffhpe/lib/python3.9/site-packages/wandb/filesync/upload_job.py", line 57, in run
    self.push()
  File "/home/zhuhe/.conda/envs/diffhpe/lib/python3.9/site-packages/wandb/filesync/upload_job.py", line 127, in push
    self._api.upload_file_retry(
  File "/home/zhuhe/.conda/envs/diffhpe/lib/python3.9/site-packages/wandb/apis/normalize.py", line 51, in wrapper
    raise CommError(message, error)
wandb.errors.CommError: <Response [404]>
2023-07-10 20:42:11,673 DEBUG   HandlerThread:36772 [handler.py:handle_request():144] handle_request: status_report
2023-07-10 20:42:12,145 ERROR   Thread-11 :36772 [step_upload.py:_handle_event():200] Failed to upload file: /home/zhuhe/HPE-with-Diffusion/wandb/run-20230710_203451-oicdg0sb/files/config.yaml
Traceback (most recent call last):
  File "/home/zhuhe/.conda/envs/diffhpe/lib/python3.9/site-packages/wandb/apis/normalize.py", line 41, in wrapper
    return func(*args, **kwargs)
  File "/home/zhuhe/.conda/envs/diffhpe/lib/python3.9/site-packages/wandb/sdk/lib/retry.py", line 212, in wrapped_fn
    return retrier(*args, **kargs)
  File "/home/zhuhe/.conda/envs/diffhpe/lib/python3.9/site-packages/wandb/sdk/lib/retry.py", line 131, in __call__
    result = self._call_fn(*args, **kwargs)
  File "/home/zhuhe/.conda/envs/diffhpe/lib/python3.9/site-packages/wandb/sdk/internal/internal_api.py", line 2218, in upload_file
    wandb._sentry.reraise(e)
  File "/home/zhuhe/.conda/envs/diffhpe/lib/python3.9/site-packages/wandb/analytics/sentry.py", line 146, in reraise
    raise exc.with_traceback(sys.exc_info()[2])
  File "/home/zhuhe/.conda/envs/diffhpe/lib/python3.9/site-packages/wandb/sdk/internal/internal_api.py", line 2190, in upload_file
    response.raise_for_status()
  File "/home/zhuhe/.conda/envs/diffhpe/lib/python3.9/site-packages/requests/models.py", line 1021, in raise_for_status
    raise HTTPError(http_error_msg, response=self)
requests.exceptions.HTTPError: 404 Client Error: Not Found for url: https://storage.googleapis.com/wandb-production.appspot.com/ada4321/DiffHPE/oicdg0sb/config.yaml?Expires=1689079317&GoogleAccessId=gorilla-files-url-signer-man%40wandb-production.iam.gserviceaccount.com&Signature=cssK18vXa1miFkFiB4c7Ur0Tv8Xl%2BEA1EGMbFz2TPZPy%2Fk5PmeeO6brlxy4FOiuW4fPeblqcnlcOYJv5tGuC2Drdv%2FY0DZPh30n%2Fy3MsqVDKhs8PDLjOVitA%2Bdqcs%2F6E9lxGV1GFqBwmC4FQLKkz03GQtXs%2FG%2BAOhsOLM5awxWu%2FHRmQopBLn1bAeQSol%2FdQRMZ9vrn%2BapIAmeir7Gn1J4w3pG5FBHZz0r1SwWxbOmnPpGfQotOFVzifKPrSfyS5IohfnTs%2BlQQ9GiY3HMhLPC%2FdxHetgWrDtF91lqjl18iWO0yk%2FM%2BwzA5VXMScnfKNyxbdnvsmPXASCZCPcVGj%2BQ%3D%3D

During handling of the above exception, another exception occurred:

Traceback (most recent call last):
  File "/home/zhuhe/.conda/envs/diffhpe/lib/python3.9/concurrent/futures/thread.py", line 58, in run
    result = self.fn(*self.args, **self.kwargs)
  File "/home/zhuhe/.conda/envs/diffhpe/lib/python3.9/site-packages/wandb/filesync/step_upload.py", line 288, in run_and_notify
    self._do_upload_sync(event)
  File "/home/zhuhe/.conda/envs/diffhpe/lib/python3.9/site-packages/wandb/filesync/step_upload.py", line 330, in _do_upload_sync
    job.run()
  File "/home/zhuhe/.conda/envs/diffhpe/lib/python3.9/site-packages/wandb/filesync/upload_job.py", line 57, in run
    self.push()
  File "/home/zhuhe/.conda/envs/diffhpe/lib/python3.9/site-packages/wandb/filesync/upload_job.py", line 127, in push
    self._api.upload_file_retry(
  File "/home/zhuhe/.conda/envs/diffhpe/lib/python3.9/site-packages/wandb/apis/normalize.py", line 51, in wrapper
    raise CommError(message, error)
wandb.errors.CommError: <Response [404]>
2023-07-10 20:42:14,146 ERROR   Thread-11 :36772 [step_upload.py:_handle_event():200] Failed to upload file: /home/zhuhe/HPE-with-Diffusion/wandb/run-20230710_203451-oicdg0sb/files/conda-environment.yaml
Traceback (most recent call last):
  File "/home/zhuhe/.conda/envs/diffhpe/lib/python3.9/site-packages/wandb/apis/normalize.py", line 41, in wrapper
    return func(*args, **kwargs)
  File "/home/zhuhe/.conda/envs/diffhpe/lib/python3.9/site-packages/wandb/sdk/lib/retry.py", line 212, in wrapped_fn
    return retrier(*args, **kargs)
  File "/home/zhuhe/.conda/envs/diffhpe/lib/python3.9/site-packages/wandb/sdk/lib/retry.py", line 131, in __call__
    result = self._call_fn(*args, **kwargs)
  File "/home/zhuhe/.conda/envs/diffhpe/lib/python3.9/site-packages/wandb/sdk/internal/internal_api.py", line 2218, in upload_file
    wandb._sentry.reraise(e)
  File "/home/zhuhe/.conda/envs/diffhpe/lib/python3.9/site-packages/wandb/analytics/sentry.py", line 146, in reraise
    raise exc.with_traceback(sys.exc_info()[2])
  File "/home/zhuhe/.conda/envs/diffhpe/lib/python3.9/site-packages/wandb/sdk/internal/internal_api.py", line 2190, in upload_file
    response.raise_for_status()
  File "/home/zhuhe/.conda/envs/diffhpe/lib/python3.9/site-packages/requests/models.py", line 1021, in raise_for_status
    raise HTTPError(http_error_msg, response=self)
requests.exceptions.HTTPError: 404 Client Error: Not Found for url: https://storage.googleapis.com/wandb-production.appspot.com/ada4321/DiffHPE/oicdg0sb/conda-environment.yaml?Expires=1689079319&GoogleAccessId=gorilla-files-url-signer-man%40wandb-production.iam.gserviceaccount.com&Signature=fi39%2B85bkhb1D2fUjyPFP8FeK%2BusKFWLfqhjFINs7GcTv3zvGlKPko%2Flp1NUeeVmDcyAExyg3AV9ykNzLiJYOyhTxqpigrPwZNgiwKVILKtzKocjSoRtyN5PHbEm92p8D99Uiq%2BDXYwTQBWvFpZORf1ysQ6CJtWmIBnCXX2W31v4vXwjKWzFPWmt1uOiZPfsGLC9XZAnR%2BNbd1R9J0zQFySh7MbjRcGATbNm76l20WScTVNHR5AguDmyi8fzT%2FmFgoHIBz1djxhic0QMdjiEu%2Fss0LpZFzqUBm7w8cM662csB6BsdpNfWrZ4i%2BlqBEgEc0gxLDhWKZ5294SmqPuwxQ%3D%3D

During handling of the above exception, another exception occurred:

Traceback (most recent call last):
  File "/home/zhuhe/.conda/envs/diffhpe/lib/python3.9/concurrent/futures/thread.py", line 58, in run
    result = self.fn(*self.args, **self.kwargs)
  File "/home/zhuhe/.conda/envs/diffhpe/lib/python3.9/site-packages/wandb/filesync/step_upload.py", line 288, in run_and_notify
    self._do_upload_sync(event)
  File "/home/zhuhe/.conda/envs/diffhpe/lib/python3.9/site-packages/wandb/filesync/step_upload.py", line 330, in _do_upload_sync
    job.run()
  File "/home/zhuhe/.conda/envs/diffhpe/lib/python3.9/site-packages/wandb/filesync/upload_job.py", line 57, in run
    self.push()
  File "/home/zhuhe/.conda/envs/diffhpe/lib/python3.9/site-packages/wandb/filesync/upload_job.py", line 127, in push
    self._api.upload_file_retry(
  File "/home/zhuhe/.conda/envs/diffhpe/lib/python3.9/site-packages/wandb/apis/normalize.py", line 51, in wrapper
    raise CommError(message, error)
wandb.errors.CommError: <Response [404]>
2023-07-10 20:42:14,525 DEBUG   HandlerThread:36772 [handler.py:handle_request():144] handle_request: keepalive
2023-07-10 20:42:16,147 ERROR   Thread-11 :36772 [step_upload.py:_handle_event():200] Failed to upload file: /home/zhuhe/HPE-with-Diffusion/wandb/run-20230710_203451-oicdg0sb/files/output.log
Traceback (most recent call last):
  File "/home/zhuhe/.conda/envs/diffhpe/lib/python3.9/site-packages/wandb/apis/normalize.py", line 41, in wrapper
    return func(*args, **kwargs)
  File "/home/zhuhe/.conda/envs/diffhpe/lib/python3.9/site-packages/wandb/sdk/lib/retry.py", line 212, in wrapped_fn
    return retrier(*args, **kargs)
  File "/home/zhuhe/.conda/envs/diffhpe/lib/python3.9/site-packages/wandb/sdk/lib/retry.py", line 131, in __call__
    result = self._call_fn(*args, **kwargs)
  File "/home/zhuhe/.conda/envs/diffhpe/lib/python3.9/site-packages/wandb/sdk/internal/internal_api.py", line 2218, in upload_file
    wandb._sentry.reraise(e)
  File "/home/zhuhe/.conda/envs/diffhpe/lib/python3.9/site-packages/wandb/analytics/sentry.py", line 146, in reraise
    raise exc.with_traceback(sys.exc_info()[2])
  File "/home/zhuhe/.conda/envs/diffhpe/lib/python3.9/site-packages/wandb/sdk/internal/internal_api.py", line 2190, in upload_file
    response.raise_for_status()
  File "/home/zhuhe/.conda/envs/diffhpe/lib/python3.9/site-packages/requests/models.py", line 1021, in raise_for_status
    raise HTTPError(http_error_msg, response=self)
requests.exceptions.HTTPError: 404 Client Error: Not Found for url: https://storage.googleapis.com/wandb-production.appspot.com/ada4321/DiffHPE/oicdg0sb/output.log?Expires=1689079319&GoogleAccessId=gorilla-files-url-signer-man%40wandb-production.iam.gserviceaccount.com&Signature=L4fV1cIFh%2Fjqw2LdQ8WpP026XjP4pqApOELBSiN6YODaFIFawFYw0mIMhfd7fEJH2BEnWJyyEsCET3FhX%2Bi5Bz9VWbXVoqr2XDcs0hygkC7iz0seVAA77hHdA1kIBHvdaXCz9zYB6IhVyPWJueXgDORQRC85PmI1ODHeGwhaA%2Bc12AtqFz%2BicFQg8QGABeR5wbI6FI72n8b3%2Bzg3OWBRztsrd4ykQzyHslb9JzCR4DTJXC5oDvpyKk6dhI1Fm1kyDYdxviSj21yuFv%2B2q3aJkMz08DMBV%2BGc2mnXq%2FAXMB0n1%2FDzhe83Bwxot9JRod4TIK0uFQ%2BkffVOcgUIZUC19g%3D%3D

During handling of the above exception, another exception occurred:

Traceback (most recent call last):
  File "/home/zhuhe/.conda/envs/diffhpe/lib/python3.9/concurrent/futures/thread.py", line 58, in run
    result = self.fn(*self.args, **self.kwargs)
  File "/home/zhuhe/.conda/envs/diffhpe/lib/python3.9/site-packages/wandb/filesync/step_upload.py", line 288, in run_and_notify
    self._do_upload_sync(event)
  File "/home/zhuhe/.conda/envs/diffhpe/lib/python3.9/site-packages/wandb/filesync/step_upload.py", line 330, in _do_upload_sync
    job.run()
  File "/home/zhuhe/.conda/envs/diffhpe/lib/python3.9/site-packages/wandb/filesync/upload_job.py", line 57, in run
    self.push()
  File "/home/zhuhe/.conda/envs/diffhpe/lib/python3.9/site-packages/wandb/filesync/upload_job.py", line 127, in push
    self._api.upload_file_retry(
  File "/home/zhuhe/.conda/envs/diffhpe/lib/python3.9/site-packages/wandb/apis/normalize.py", line 51, in wrapper
    raise CommError(message, error)
wandb.errors.CommError: <Response [404]>
2023-07-10 20:42:16,674 DEBUG   HandlerThread:36772 [handler.py:handle_request():144] handle_request: status_report
2023-07-10 20:42:18,148 ERROR   Thread-11 :36772 [step_upload.py:_handle_event():200] Failed to upload file: /home/zhuhe/HPE-with-Diffusion/wandb/run-20230710_203451-oicdg0sb/files/wandb-summary.json
Traceback (most recent call last):
  File "/home/zhuhe/.conda/envs/diffhpe/lib/python3.9/site-packages/wandb/apis/normalize.py", line 41, in wrapper
    return func(*args, **kwargs)
  File "/home/zhuhe/.conda/envs/diffhpe/lib/python3.9/site-packages/wandb/sdk/lib/retry.py", line 212, in wrapped_fn
    return retrier(*args, **kargs)
  File "/home/zhuhe/.conda/envs/diffhpe/lib/python3.9/site-packages/wandb/sdk/lib/retry.py", line 131, in __call__
    result = self._call_fn(*args, **kwargs)
  File "/home/zhuhe/.conda/envs/diffhpe/lib/python3.9/site-packages/wandb/sdk/internal/internal_api.py", line 2218, in upload_file
    wandb._sentry.reraise(e)
  File "/home/zhuhe/.conda/envs/diffhpe/lib/python3.9/site-packages/wandb/analytics/sentry.py", line 146, in reraise
    raise exc.with_traceback(sys.exc_info()[2])
  File "/home/zhuhe/.conda/envs/diffhpe/lib/python3.9/site-packages/wandb/sdk/internal/internal_api.py", line 2190, in upload_file
    response.raise_for_status()
  File "/home/zhuhe/.conda/envs/diffhpe/lib/python3.9/site-packages/requests/models.py", line 1021, in raise_for_status
    raise HTTPError(http_error_msg, response=self)
requests.exceptions.HTTPError: 404 Client Error: Not Found for url: https://storage.googleapis.com/wandb-production.appspot.com/ada4321/DiffHPE/oicdg0sb/wandb-summary.json?Expires=1689079319&GoogleAccessId=gorilla-files-url-signer-man%40wandb-production.iam.gserviceaccount.com&Signature=gxvru2%2BsFx9lYD1sqndyyJtSRiX%2BrFXgT%2B4%2BzcdY%2FIQ%2BVpCD612lCSVSCDeYxhNjt3kFDQ28V%2FGDYqznMq5eP6xrbSjHstA4kWD%2Fik7ZObl%2BZqPQp2amnOTfhWT3J925vGoUrm%2FO0MRNJfIAV3NBUJaDEGcR%2Fg%2BHw%2BDvTQ2qeOV3Vzv0M85OpvAu%2BDirCU6HliTpZYl4iN9eyLagzP2a3MysQfiR4WKwCy1p%2BSuP4mW3mLNwNNmWhpRa1dqvXfDh%2Be6RujILHamfDH%2BrnVxWPO0Kt51BOT4wfIiNusgf9zzfJVA6lYdWw%2FSADVWfWfc77SqduZvAsWH9LQEap6hGVg%3D%3D

During handling of the above exception, another exception occurred:

Traceback (most recent call last):
  File "/home/zhuhe/.conda/envs/diffhpe/lib/python3.9/concurrent/futures/thread.py", line 58, in run
    result = self.fn(*self.args, **self.kwargs)
  File "/home/zhuhe/.conda/envs/diffhpe/lib/python3.9/site-packages/wandb/filesync/step_upload.py", line 288, in run_and_notify
    self._do_upload_sync(event)
  File "/home/zhuhe/.conda/envs/diffhpe/lib/python3.9/site-packages/wandb/filesync/step_upload.py", line 330, in _do_upload_sync
    job.run()
  File "/home/zhuhe/.conda/envs/diffhpe/lib/python3.9/site-packages/wandb/filesync/upload_job.py", line 57, in run
    self.push()
  File "/home/zhuhe/.conda/envs/diffhpe/lib/python3.9/site-packages/wandb/filesync/upload_job.py", line 127, in push
    self._api.upload_file_retry(
  File "/home/zhuhe/.conda/envs/diffhpe/lib/python3.9/site-packages/wandb/apis/normalize.py", line 51, in wrapper
    raise CommError(message, error)
wandb.errors.CommError: <Response [404]>
2023-07-10 20:42:18,349 INFO    Thread-11 :36772 [sender.py:transition_state():602] send defer: 11
2023-07-10 20:42:18,349 DEBUG   HandlerThread:36772 [handler.py:handle_request():144] handle_request: defer
2023-07-10 20:42:18,350 INFO    HandlerThread:36772 [handler.py:handle_request_defer():170] handle defer: 11
2023-07-10 20:42:18,350 DEBUG   SenderThread:36772 [sender.py:send_request():396] send_request: defer
2023-07-10 20:42:18,351 INFO    SenderThread:36772 [sender.py:send_request_defer():598] handle sender defer: 11
2023-07-10 20:42:18,351 INFO    SenderThread:36772 [file_pusher.py:join():164] waiting for file pusher
2023-07-10 20:42:18,351 INFO    SenderThread:36772 [sender.py:transition_state():602] send defer: 12
2023-07-10 20:42:18,351 DEBUG   HandlerThread:36772 [handler.py:handle_request():144] handle_request: defer
2023-07-10 20:42:18,351 INFO    HandlerThread:36772 [handler.py:handle_request_defer():170] handle defer: 12
2023-07-10 20:42:18,352 DEBUG   SenderThread:36772 [sender.py:send_request():396] send_request: defer
2023-07-10 20:42:18,352 INFO    SenderThread:36772 [sender.py:send_request_defer():598] handle sender defer: 12
2023-07-10 20:42:18,881 INFO    SenderThread:36772 [sender.py:transition_state():602] send defer: 13
2023-07-10 20:42:18,882 DEBUG   HandlerThread:36772 [handler.py:handle_request():144] handle_request: defer
2023-07-10 20:42:18,882 INFO    HandlerThread:36772 [handler.py:handle_request_defer():170] handle defer: 13
2023-07-10 20:42:18,883 DEBUG   SenderThread:36772 [sender.py:send_request():396] send_request: defer
2023-07-10 20:42:18,883 INFO    SenderThread:36772 [sender.py:send_request_defer():598] handle sender defer: 13
2023-07-10 20:42:18,883 INFO    SenderThread:36772 [sender.py:transition_state():602] send defer: 14
2023-07-10 20:42:18,883 DEBUG   HandlerThread:36772 [handler.py:handle_request():144] handle_request: defer
2023-07-10 20:42:18,884 INFO    HandlerThread:36772 [handler.py:handle_request_defer():170] handle defer: 14
2023-07-10 20:42:18,884 DEBUG   SenderThread:36772 [sender.py:send():369] send: final
2023-07-10 20:42:18,885 DEBUG   SenderThread:36772 [sender.py:send():369] send: footer
2023-07-10 20:42:18,885 DEBUG   SenderThread:36772 [sender.py:send_request():396] send_request: defer
2023-07-10 20:42:18,885 INFO    SenderThread:36772 [sender.py:send_request_defer():598] handle sender defer: 14
2023-07-10 20:42:18,886 DEBUG   HandlerThread:36772 [handler.py:handle_request():144] handle_request: poll_exit
2023-07-10 20:42:18,887 DEBUG   HandlerThread:36772 [handler.py:handle_request():144] handle_request: server_info
2023-07-10 20:42:18,887 DEBUG   HandlerThread:36772 [handler.py:handle_request():144] handle_request: get_summary
2023-07-10 20:42:18,888 DEBUG   SenderThread:36772 [sender.py:send_request():396] send_request: poll_exit
2023-07-10 20:42:18,889 DEBUG   SenderThread:36772 [sender.py:send_request():396] send_request: server_info
2023-07-10 20:42:18,893 DEBUG   HandlerThread:36772 [handler.py:handle_request():144] handle_request: sampled_history
2023-07-10 20:42:19,369 INFO    MainThread:36772 [wandb_run.py:_footer_history_summary_info():3467] rendering history
2023-07-10 20:42:19,369 INFO    MainThread:36772 [wandb_run.py:_footer_history_summary_info():3499] rendering summary
2023-07-10 20:42:19,370 INFO    MainThread:36772 [wandb_run.py:_footer_sync_info():3426] logging synced files
2023-07-10 20:42:19,370 DEBUG   HandlerThread:36772 [handler.py:handle_request():144] handle_request: shutdown
2023-07-10 20:42:19,370 INFO    HandlerThread:36772 [handler.py:finish():854] shutting down handler
2023-07-10 20:42:19,888 INFO    WriterThread:36772 [datastore.py:close():298] close: /home/zhuhe/HPE-with-Diffusion/wandb/run-20230710_203451-oicdg0sb/run-oicdg0sb.wandb
2023-07-10 20:42:20,369 INFO    SenderThread:36772 [sender.py:finish():1526] shutting down sender
2023-07-10 20:42:20,369 INFO    SenderThread:36772 [file_pusher.py:finish():159] shutting down file pusher
2023-07-10 20:42:20,369 INFO    SenderThread:36772 [file_pusher.py:join():164] waiting for file pusher
